node   1  (   0,    0) (   3,    3) (   4,    4) (   2,    2) (   0,    0) (   0,    0) (   0,    0) (   0,    3) (   0,    4) (   0,    2)
          (  10,    0) (   0,    1) (   0,    3) (   0,    4) (   0,    2) (  10,    0) (   0,    1) (   0,    3) (   0,    4) (   0,    2)
          (  10,    0) (   0,    1) (   0,    3) (   0,    4) (   0,    2) (  10,    0) (   0,    1) (   0,    3) (   0,    4) (   0,    2)
          (  10,    0) (   0,    1) (   0,    3) (   0,    4) (   0,    2) (  10,    0) (   0,    1) (   0,    3) (   0,    4) (   0,    2)
          (  10,    0) (   0,    1) (   0,    3) (   0,    4) (   0,    2) (  10,    0) (   0,    1) (   0,    3) (   0,    4) (   0,    2)
          (  10,    0) (   0,    1) (   0,    3) (   0,    3) (   0,    1) (   9,    0) (   0,    1) (   0,    3) (   0,    4) (   0,    1)
          (  10,    0) (   0,    1) (   0,    3) (   0,    3) (   0,    2) (   8,    0) (   0,    1) (   0,    3) (   0,    4) (   0,    2)
          (   8,    0) (   0,    1) (   0,    2) (   0,    4) (   0,    2) (   7,    0) (   0,    0) (   0,    2) (   0,    4) (   0,    1)
          (   9,    0) (   0,    1) (   0,    3) (   0,    4) (   0,    2) (  10,    0) (   0,    1) (   0,    3) (   0,    4) (   0,    2)
          (  10,    0) (   0,    1) (   0,    3) (   0,    4) (   0,    2) (  10,    0) (   0,    1) (   0,    3) (   0,    3) (   0,    1)
          (   9,    0) (   0,    1) (   0,    3) (   0,    4) (   0,    1) (   9,    0) (   0,    1) (   0,    3) (   0,    4) (   0,    1)
          (   7,    0) (   0,    0) (   0,    3) (   0,    3) (   0,    1) (   8,    0) (   0,    1) (   0,    2) (   0,    3) (   0,    1)
          (   9,    0) (   0,    1) (   0,    3) (   0,    3) (   0,    1) (   8,    0) (   0,    1) (   0,    3) (   0,    4) (   0,    0)
          (   5,    0) (   0,    0) (   0,    2) (   0,    4) (   0,    1) (   8,    0) (   0,    1) (   0,    2) (   0,    4) (   0,    1)
          (   8,    0) (   0,    1) (   0,    2) (   0,    4) (   0,    1) (   9,    0) (   0,    1) (   0,    3) (   0,    4) (   0,    1)
          (   9,    0) (   0,    1) (   0,    2) (   0,    4) (   0,    1) (   8,    0) (   0,    0) (   0,    3) (   0,    3) (   0,    1)
          (   6,    0) (   0,    0) (   0,    3) (   0,    4) (   0,    1) (   9,    0) (   0,    1) (   0,    3) (   0,    4) (   0,    1)
          (   7,    0) (   0,    1) (   0,    3) (   0,    4) (   0,    0) (   7,    0) (   0,    1) (   0,    2) (   0,    3) (   0,    0)
          (   9,    0) (   0,    1) (   0,    3) (   0,    4) (   0,    1) (   8,    0) (   0,    1) (   0,    3) (   0,    4) (   0,    1)
          (   8,    0) (   0,    1) (   0,    3) (   0,    4) (   0,    1) (   8,    0) (   0,    1) (   0,    3) (   0,    2) (   0,    1)
          (   9,    0) (   0,    1) (   0,    3) (   0,    3) (   0,    1) (   7,    0) (   0,    1) (   0,    3) (   0,    4) (   0,    1)
          (   8,    0) (   0,    1) (   0,    3) (   0,    4) (   0,    0) (   9,    0) (   0,    1) (   0,    2) (   0,    3) (   0,    1)
          (   8,    0) (   0,    1) (   0,    3) (   0,    3) (   0,    1) (   9,    0) (   0,    1) (   0,    2) (   0,    3) (   0,    1)
          (   9,    0) (   0,    1) (   0,    3) (   0,    3) (   0,    1) (   8,    0) (   0,    1) (   0,    3) (   0,    4) (   0,    1)
          (   9,    0) (   0,    1) (   0,    3) (   0,    4) (   0,    0) (   8,    0) (   0,    1) (   0,    3) (   0,    3) (   0,    1)
          (   9,    0) (   0,    1) (   0,    2) (   0,    4) (   0,    1) (   8,    0) (   0,    0) (   0,    3) (   0,    4) (   0,    1)
          (   8,    0) (   0,    1) (   0,    2) (   0,    3) (   0,    1) (   9,    0) (   0,    1) (   0,    3) (   0,    3) (   0,    1)
          (   8,    0) (   0,    1) (   0,    2) (   0,    4) (   0,    1) (   7,    0) (   0,    1) (   0,    3) (   0,    3) (   0,    1)
          (   8,    0) (   0,    1) (   0,    3) (   0,    3) (   0,    1) (   9,    0) (   0,    1) (   0,    1) (   0,    3) (   0,    1)
          (   9,    0) (   0,    1) (   0,    2) (   0,    4) (   0,    1) (   8,    0) (   0,    1) (   0,    3) (   0,    3) (   0,    1)
          (   7,    0) (   0,    0) (   0,    3) (   0,    4) (   0,    1) (   9,    0) (   0,    1) (   0,    3) (   0,    4) (   0,    1)
          (   9,    0) (   0,    1) (   0,    3) (   0,    4) (   0,    1) (   9,    0) (   0,    1) (   0,    3) (   0,    4) (   0,    1)
          (   9,    0) (   0,    1) (   0,    3) (   0,    4) (   0,    1) (   9,    0) (   0,    1) (   0,    3) (   0,    4) (   0,    1)
          (   9,    0) (   0,    1) (   0,    3) (   0,    4) (   0,    1) (   9,    0) (   0,    1) (   0,    3) (   0,    4) (   0,    1)
          (   9,    0) (   0,    1) (   0,    3) (   0,    4) (   0,    1) (   9,    0) (   0,    1) (   0,    3) (   0,    4) (   0,    1)
          (   9,    0) (   0,    1) (   0,    3) (   0,    4) (   0,    1) (   9,    0) (   0,    1) (   0,    3) (   0,    4) (   0,    1)
          (   9,    0) (   0,    1) (   0,    3) (   0,    4) (   0,    1) (   9,    0) (   0,    1) (   0,    3) (   0,    4) (   0,    1)
          (   9,    0) (   0,    1) (   0,    3) (   0,    4) (   0,    1) (   9,    0) (   0,    1) (   0,    3) (   0,    4) (   0,    1)
          (   9,    0) (   0,    1) (   0,    3) (   0,    4) (   0,    1) (   9,    0) (   0,    1) (   0,    3) (   0,    4) (   0,    1)
          (   9,    0) (   0,    1) (   0,    3) (   0,    4) (   0,    1) (   9,    0) (   0,    1) (   0,    3) (   0,    4) (   0,    1)
          (   9,    0) (   0,    1) (   0,    3) (   0,    4) (   0,    1) (   9,    0) (   0,    1) (   0,    3) (   0,    4) (   0,    1)
          (   9,    0) (   0,    1) (   0,    3) (   0,    4) (   0,    1) (   9,    0) (   0,    1) (   0,    3) (   0,    4) (   0,    1)
          (   9,    0) (   0,    1) (   0,    3) (   0,    4) (   0,    1) (   9,    0) (   0,    1) (   0,    3) (   0,    4) (   0,    1)
          (   9,    0) (   0,    1) (   0,    3) (   0,    4) (   0,    1) (   9,    0) (   0,    1) (   0,    3) (   0,    4) (   0,    1)
          (   9,    0) (   0,    1) (   0,    3) (   0,    4) (   0,    1) (   9,    0) (   0,    1) (   0,    3) (   0,    4) (   0,    1)
          (   9,    0) (   0,    1) (   0,    3) (   0,    4) (   0,    1) (   9,    0) (   0,    1) (   0,    3) (   0,    4) (   0,    1)
          (   9,    0) (   0,    1) (   0,    3) (   0,    4) (   0,    1) (   9,    0) (   0,    1) (   0,    3) (   0,    4) (   0,    1)
          (   9,    0) (   0,    1) (   0,    3) (   0,    4) (   0,    1) (   9,    0) (   0,    1) (   0,    3) (   0,    4) (   0,    1)
          (   9,    0) (   0,    1) (   0,    3) (   0,    4) (   0,    1) (   9,    0) (   0,    1) (   0,    3) (   0,    4) (   0,    1)
          (   9,    0) (   0,    1) (   0,    3) (   0,    4) (   0,    1) (   9,    0) (   0,    1) (   0,    3) (   0,    4) (   0,    1)
          (   9,    0) (   0,    1) (   0,    3) (   0,    4) (   0,    1) (   9,    0) (   0,    1) (   0,    3) (   0,    4) (   0,    1)
          (   9,    0) (   0,    1) (   0,    3) (   0,    4) (   0,    1) (   9,    0) (   0,    1) (   0,    3) (   0,    4) (   0,    1)
          (   9,    0) (   0,    1) (   0,    3) (   0,    4) (   0,    1) (   9,    0) (   0,    1) (   0,    3) (   0,    4) (   0,    1)
          (   9,    0) (   0,    1) (   0,    3) (   0,    4) (   0,    1) (   9,    0) (   0,    1) (   0,    3) (   0,    4) (   0,    1)
          (   9,    0) (   0,    1) (   0,    3) (   0,    4) (   0,    1) (   9,    0) (   0,    1) (   0,    3) (   0,    4) (   0,    1)
          (   9,    0) (   0,    1) (   0,    3) (   0,    4) (   0,    1) (   9,    0) (   0,    1) (   0,    3) (   0,    4) (   0,    1)
          (   9,    0) (   0,    1) (   0,    3) (   0,    4) (   0,    1) (   9,    0) (   0,    1) (   0,    3) (   0,    4) (   0,    1)
          (   9,    0) (   0,    1) (   0,    3) (   0,    4) (   0,    1) (   9,    0) (   0,    1) (   0,    3) (   0,    4) (   0,    1)
          (   9,    0) (   0,    1) (   0,    3) (   0,    4) (   0,    1) (   9,    0) (   0,    1) (   0,    3) (   0,    4) (   0,    1)
          (   9,    0) (   0,    1) (   0,    3) (   0,    4) (   0,    1) (   9,    0) (   0,    1) (   0,    3) (   0,    4) (   0,    1)
          (   9,    0) (   0,    1) (   0,    3) (   0,    4) (   0,    1) (   9,    0) (   0,    1) (   0,    3) (   0,    4) (   0,    1)
          (   9,    0) (   0,    1) (   0,    3) (   0,    4) (   0,    1) (   9,    0) (   0,    1) (   0,    3) (   0,    4) (   0,    1)
          (   9,    0) (   0,    1) (   0,    3) (   0,    4) (   0,    1) (   9,    0) (   0,    1) (   0,    3) (   0,    4) (   0,    1)
          (   9,    0) (   0,    1) (   0,    3) (   0,    4) (   0,    1) (   9,    0) (   0,    1) (   0,    3) (   0,    4) (   0,    1)
          (   9,    0) (   0,    1) (   0,    3) (   0,    4) (   0,    1) (   9,    0) (   0,    1) (   0,    3) (   0,    4) (   0,    1)
          (   9,    0) (   0,    1) (   0,    3) (   0,    4) (   0,    1) (   9,    0) (   0,    1) (   0,    3) (   0,    4) (   0,    1)
          (   9,    0) (   0,    1) (   0,    3) (   0,    4) (   0,    1) (   9,    0) (   0,    1) (   0,    3) (   0,    4) (   0,    1)
          (   9,    0) (   0,    1) (   0,    3) (   0,    4) (   0,    1) (   9,    0) (   0,    1) (   0,    3) (   0,    4) (   0,    1)
          (   9,    0) (   0,    1) (   0,    3) (   0,    4) (   0,    1) (   9,    0) (   0,    1) (   0,    3) (   0,    4) (   0,    1)
          (   9,    0) (   0,    1) (   0,    3) (   0,    4) (   0,    1) (   9,    0) (   0,    1) (   0,    3) (   0,    4) (   0,    1)
         
node   1 sent_total   1224  recv_total   1224

node   2  (   1,    0) (   0,    0) (   0,    1) (   0,    0) (   0,    0) (   0,    0) (   2,    0) (   0,    3) (   0,    4) (   0,    2)
          (   0,    0) (  10,    1) (   0,    3) (   0,    4) (   0,    2) (   0,    0) (  10,    1) (   0,    3) (   0,    4) (   0,    2)
          (   0,    0) (  10,    1) (   0,    3) (   0,    4) (   0,    2) (   0,    0) (  10,    1) (   0,    3) (   0,    4) (   0,    2)
          (   0,    0) (  10,    1) (   0,    3) (   0,    4) (   0,    2) (   0,    0) (  10,    1) (   0,    3) (   0,    4) (   0,    2)
          (   0,    0) (  10,    1) (   0,    3) (   0,    4) (   0,    2) (   0,    0) (  10,    1) (   0,    3) (   0,    4) (   0,    2)
          (   0,    0) (  10,    1) (   0,    3) (   0,    4) (   0,    2) (   0,    0) (   8,    1) (   0,    1) (   0,    4) (   0,    1)
          (   0,    0) (  10,    1) (   0,    3) (   0,    4) (   0,    2) (   0,    0) (  10,    1) (   0,    2) (   0,    4) (   0,    2)
          (   0,    0) (   8,    1) (   0,    3) (   0,    3) (   0,    1) (   0,    0) (   7,    1) (   0,    1) (   0,    4) (   0,    2)
          (   0,    0) (   7,    1) (   0,    2) (   0,    4) (   0,    2) (   0,    0) (  10,    1) (   0,    3) (   0,    3) (   0,    2)
          (   0,    0) (   9,    1) (   0,    3) (   0,    4) (   0,    2) (   0,    0) (  10,    1) (   0,    3) (   0,    3) (   0,    2)
          (   0,    0) (   8,    1) (   0,    3) (   0,    4) (   0,    1) (   0,    0) (  10,    1) (   0,    3) (   0,    4) (   0,    1)
          (   0,    0) (   9,    1) (   0,    3) (   0,    4) (   0,    0) (   0,    0) (  10,    1) (   0,    3) (   0,    4) (   0,    1)
          (   0,    0) (   9,    1) (   0,    3) (   0,    2) (   0,    1) (   0,    0) (   7,    1) (   0,    1) (   0,    4) (   0,    1)
          (   0,    0) (   7,    1) (   0,    2) (   0,    4) (   0,    1) (   0,    0) (   9,    0) (   0,    3) (   0,    2) (   0,    1)
          (   0,    0) (   9,    0) (   0,    3) (   0,    4) (   0,    1) (   0,    0) (   8,    1) (   0,    3) (   0,    4) (   0,    0)
          (   0,    0) (   9,    1) (   0,    3) (   0,    3) (   0,    1) (   0,    0) (   8,    1) (   0,    3) (   0,    3) (   0,    0)
          (   0,    0) (   8,    1) (   0,    3) (   0,    4) (   0,    1) (   0,    0) (   6,    1) (   0,    1) (   0,    3) (   0,    1)
          (   0,    0) (   9,    1) (   0,    3) (   0,    4) (   0,    1) (   0,    0) (   7,    1) (   0,    3) (   0,    4) (   0,    1)
          (   0,    0) (   8,    1) (   0,    3) (   0,    4) (   0,    1) (   0,    0) (   6,    1) (   0,    2) (   0,    2) (   0,    1)
          (   0,    0) (   9,    1) (   0,    3) (   0,    3) (   0,    1) (   0,    0) (   9,    1) (   0,    3) (   0,    3) (   0,    1)
          (   0,    0) (   9,    1) (   0,    2) (   0,    4) (   0,    1) (   0,    0) (   8,    1) (   0,    3) (   0,    2) (   0,    1)
          (   0,    0) (   9,    1) (   0,    3) (   0,    3) (   0,    1) (   0,    0) (   6,    1) (   0,    3) (   0,    4) (   0,    0)
          (   0,    0) (   9,    1) (   0,    3) (   0,    4) (   0,    1) (   0,    0) (   9,    1) (   0,    3) (   0,    4) (   0,    1)
          (   0,    0) (   8,    1) (   0,    3) (   0,    4) (   0,    1) (   0,    0) (   8,    1) (   0,    2) (   0,    4) (   0,    1)
          (   0,    0) (   8,    1) (   0,    3) (   0,    3) (   0,    1) (   0,    0) (   9,    1) (   0,    3) (   0,    4) (   0,    1)
          (   0,    0) (   8,    1) (   0,    3) (   0,    4) (   0,    1) (   0,    0) (   7,    1) (   0,    3) (   0,    3) (   0,    1)
          (   0,    0) (   8,    1) (   0,    3) (   0,    4) (   0,    1) (   0,    0) (   8,    1) (   0,    3) (   0,    4) (   0,    1)
          (   0,    0) (   9,    1) (   0,    3) (   0,    4) (   0,    0) (   0,    0) (   7,    1) (   0,    3) (   0,    4) (   0,    1)
          (   0,    0) (   8,    1) (   0,    3) (   0,    4) (   0,    1) (   0,    0) (   9,    1) (   0,    2) (   0,    4) (   0,    1)
          (   0,    0) (   9,    1) (   0,    3) (   0,    3) (   0,    1) (   0,    0) (   9,    1) (   0,    2) (   0,    4) (   0,    1)
          (   0,    0) (   9,    1) (   0,    3) (   0,    4) (   0,    1) (   0,    0) (   9,    1) (   0,    3) (   0,    4) (   0,    1)
          (   0,    0) (   9,    1) (   0,    3) (   0,    4) (   0,    1) (   0,    0) (   9,    1) (   0,    3) (   0,    4) (   0,    1)
          (   0,    0) (   9,    1) (   0,    3) (   0,    4) (   0,    1) (   0,    0) (   9,    1) (   0,    3) (   0,    4) (   0,    1)
          (   0,    0) (   9,    1) (   0,    3) (   0,    4) (   0,    1) (   0,    0) (   9,    1) (   0,    3) (   0,    4) (   0,    1)
          (   0,    0) (   9,    1) (   0,    3) (   0,    4) (   0,    1) (   0,    0) (   9,    1) (   0,    3) (   0,    4) (   0,    1)
          (   0,    0) (   9,    1) (   0,    3) (   0,    4) (   0,    1) (   0,    0) (   9,    1) (   0,    3) (   0,    4) (   0,    1)
          (   0,    0) (   9,    1) (   0,    3) (   0,    4) (   0,    1) (   0,    0) (   9,    1) (   0,    3) (   0,    4) (   0,    1)
          (   0,    0) (   9,    1) (   0,    3) (   0,    4) (   0,    1) (   0,    0) (   9,    1) (   0,    3) (   0,    4) (   0,    1)
          (   0,    0) (   9,    1) (   0,    3) (   0,    4) (   0,    1) (   0,    0) (   9,    1) (   0,    3) (   0,    4) (   0,    1)
          (   0,    0) (   9,    1) (   0,    3) (   0,    4) (   0,    1) (   0,    0) (   9,    1) (   0,    3) (   0,    4) (   0,    1)
          (   0,    0) (   9,    1) (   0,    3) (   0,    4) (   0,    1) (   0,    0) (   9,    1) (   0,    3) (   0,    4) (   0,    1)
          (   0,    0) (   9,    1) (   0,    3) (   0,    4) (   0,    1) (   0,    0) (   9,    1) (   0,    3) (   0,    4) (   0,    1)
          (   0,    0) (   9,    1) (   0,    3) (   0,    4) (   0,    1) (   0,    0) (   9,    1) (   0,    3) (   0,    4) (   0,    1)
          (   0,    0) (   9,    1) (   0,    3) (   0,    4) (   0,    1) (   0,    0) (   9,    1) (   0,    3) (   0,    4) (   0,    1)
          (   0,    0) (   9,    1) (   0,    3) (   0,    4) (   0,    1) (   0,    0) (   9,    1) (   0,    3) (   0,    4) (   0,    1)
          (   0,    0) (   9,    1) (   0,    3) (   0,    4) (   0,    1) (   0,    0) (   9,    1) (   0,    3) (   0,    4) (   0,    1)
          (   0,    0) (   9,    1) (   0,    3) (   0,    4) (   0,    1) (   0,    0) (   9,    1) (   0,    3) (   0,    4) (   0,    1)
          (   0,    0) (   9,    1) (   0,    3) (   0,    4) (   0,    1) (   0,    0) (   9,    1) (   0,    3) (   0,    4) (   0,    1)
          (   0,    0) (   9,    1) (   0,    3) (   0,    4) (   0,    1) (   0,    0) (   9,    1) (   0,    3) (   0,    4) (   0,    1)
          (   0,    0) (   9,    1) (   0,    3) (   0,    4) (   0,    1) (   0,    0) (   9,    1) (   0,    3) (   0,    4) (   0,    1)
          (   0,    0) (   9,    1) (   0,    3) (   0,    4) (   0,    1) (   0,    0) (   9,    1) (   0,    3) (   0,    4) (   0,    1)
          (   0,    0) (   9,    1) (   0,    3) (   0,    4) (   0,    1) (   0,    0) (   9,    1) (   0,    3) (   0,    4) (   0,    1)
          (   0,    0) (   9,    1) (   0,    3) (   0,    4) (   0,    1) (   0,    0) (   9,    1) (   0,    3) (   0,    4) (   0,    1)
          (   0,    0) (   9,    1) (   0,    3) (   0,    4) (   0,    1) (   0,    0) (   9,    1) (   0,    3) (   0,    4) (   0,    1)
          (   0,    0) (   9,    1) (   0,    3) (   0,    4) (   0,    1) (   0,    0) (   9,    1) (   0,    3) (   0,    4) (   0,    1)
          (   0,    0) (   9,    1) (   0,    3) (   0,    4) (   0,    1) (   0,    0) (   9,    1) (   0,    3) (   0,    4) (   0,    1)
          (   0,    0) (   9,    1) (   0,    3) (   0,    4) (   0,    1) (   0,    0) (   9,    1) (   0,    3) (   0,    4) (   0,    1)
          (   0,    0) (   9,    1) (   0,    3) (   0,    4) (   0,    1) (   0,    0) (   9,    1) (   0,    3) (   0,    4) (   0,    1)
          (   0,    0) (   9,    1) (   0,    3) (   0,    4) (   0,    1) (   0,    0) (   9,    1) (   0,    3) (   0,    4) (   0,    1)
          (   0,    0) (   9,    1) (   0,    3) (   0,    4) (   0,    1) (   0,    0) (   9,    1) (   0,    3) (   0,    4) (   0,    1)
          (   0,    0) (   9,    1) (   0,    3) (   0,    4) (   0,    1) (   0,    0) (   9,    1) (   0,    3) (   0,    4) (   0,    1)
          (   0,    0) (   9,    1) (   0,    3) (   0,    4) (   0,    1) (   0,    0) (   9,    1) (   0,    3) (   0,    4) (   0,    1)
          (   0,    0) (   9,    1) (   0,    3) (   0,    4) (   0,    1) (   0,    0) (   9,    1) (   0,    3) (   0,    4) (   0,    1)
          (   0,    0) (   9,    1) (   0,    3) (   0,    4) (   0,    1) (   0,    0) (   9,    1) (   0,    3) (   0,    4) (   0,    1)
          (   0,    0) (   9,    1) (   0,    3) (   0,    4) (   0,    1) (   0,    0) (   9,    1) (   0,    3) (   0,    4) (   0,    1)
          (   0,    0) (   9,    1) (   0,    3) (   0,    4) (   0,    1) (   0,    0) (   9,    1) (   0,    3) (   0,    4) (   0,    1)
          (   0,    0) (   9,    1) (   0,    3) (   0,    4) (   0,    1) (   0,    0) (   9,    1) (   0,    3) (   0,    4) (   0,    1)
          (   0,    0) (   9,    1) (   0,    3) (   0,    4) (   0,    1) (   0,    0) (   9,    1) (   0,    3) (   0,    4) (   0,    1)
          (   0,    0) (   9,    1) (   0,    3) (   0,    4) (   0,    1) (   0,    0) (   9,    1) (   0,    3) (   0,    4) (   0,    1)
          (   0,    0) (   9,    1) (   0,    3) (   0,    4) (   0,    1) (   0,    0) (   9,    1) (   0,    3) (   0,    4) (   0,    1)
         
node   2 sent_total   1222  recv_total   1225

node   3  (   1,    0) (   0,    0) (   0,    1) (   0,    0) (   0,    0) (   0,    0) (   3,    0) (   0,    2) (   0,    4) (   0,    2)
          (   0,    0) (  10,    1) (   0,    3) (   0,    4) (   0,    2) (   0,    0) (  10,    1) (   0,    3) (   0,    4) (   0,    2)
          (   0,    0) (  10,    1) (   0,    3) (   0,    4) (   0,    2) (   0,    0) (  10,    1) (   0,    3) (   0,    4) (   0,    2)
          (   0,    0) (  10,    1) (   0,    3) (   0,    4) (   0,    2) (   0,    0) (  10,    1) (   0,    3) (   0,    4) (   0,    2)
          (   0,    0) (  10,    1) (   0,    3) (   0,    4) (   0,    2) (   0,    0) (  10,    1) (   0,    3) (   0,    4) (   0,    2)
          (   0,    0) (   8,    1) (   0,    3) (   0,    3) (   0,    1) (   0,    0) (  10,    1) (   0,    3) (   0,    4) (   0,    2)
          (   0,    0) (   9,    1) (   0,    3) (   0,    4) (   0,    2) (   0,    0) (   6,    1) (   0,    3) (   0,    4) (   0,    2)
          (   0,    0) (  10,    1) (   0,    3) (   0,    4) (   0,    2) (   0,    0) (   8,    1) (   0,    2) (   0,    4) (   0,    2)
          (   0,    0) (  10,    1) (   0,    2) (   0,    4) (   0,    2) (   0,    0) (  10,    1) (   0,    3) (   0,    3) (   0,    2)
          (   0,    0) (  10,    1) (   0,    3) (   0,    3) (   0,    2) (   0,    0) (  10,    1) (   0,    3) (   0,    3) (   0,    2)
          (   0,    0) (   9,    1) (   0,    3) (   0,    4) (   0,    1) (   0,    0) (   9,    1) (   0,    3) (   0,    4) (   0,    0)
          (   0,    0) (  10,    1) (   0,    2) (   0,    2) (   0,    1) (   0,    0) (   9,    0) (   0,    3) (   0,    4) (   0,    1)
          (   0,    0) (   9,    1) (   0,    3) (   0,    4) (   0,    1) (   0,    0) (   8,    1) (   0,    3) (   0,    4) (   0,    1)
          (   0,    0) (   9,    1) (   0,    3) (   0,    3) (   0,    1) (   0,    0) (   8,    1) (   0,    3) (   0,    2) (   0,    1)
          (   0,    0) (   6,    1) (   0,    2) (   0,    3) (   0,    1) (   0,    0) (   9,    1) (   0,    3) (   0,    3) (   0,    1)
          (   0,    0) (   8,    1) (   0,    3) (   0,    3) (   0,    1) (   0,    0) (   9,    1) (   0,    3) (   0,    3) (   0,    1)
          (   0,    0) (   8,    0) (   0,    3) (   0,    3) (   0,    0) (   0,    0) (   8,    1) (   0,    3) (   0,    3) (   0,    1)
          (   0,    0) (   7,    1) (   0,    2) (   0,    4) (   0,    1) (   0,    0) (   9,    1) (   0,    3) (   0,    3) (   0,    1)
          (   0,    0) (   8,    1) (   0,    2) (   0,    4) (   0,    0) (   0,    0) (   7,    0) (   0,    2) (   0,    4) (   0,    1)
          (   0,    0) (   9,    1) (   0,    3) (   0,    3) (   0,    1) (   0,    0) (   7,    1) (   0,    2) (   0,    1) (   0,    1)
          (   0,    0) (   7,    1) (   0,    3) (   0,    4) (   0,    1) (   0,    0) (   8,    1) (   0,    3) (   0,    4) (   0,    1)
          (   0,    0) (   8,    1) (   0,    3) (   0,    4) (   0,    1) (   0,    0) (   8,    1) (   0,    2) (   0,    4) (   0,    1)
          (   0,    0) (   8,    0) (   0,    3) (   0,    3) (   0,    1) (   0,    0) (   7,    1) (   0,    2) (   0,    4) (   0,    1)
          (   0,    0) (   8,    1) (   0,    3) (   0,    3) (   0,    1) (   0,    0) (   9,    0) (   0,    3) (   0,    3) (   0,    1)
          (   0,    0) (   9,    1) (   0,    3) (   0,    4) (   0,    1) (   0,    0) (   9,    1) (   0,    3) (   0,    4) (   0,    1)
          (   0,    0) (   8,    1) (   0,    2) (   0,    4) (   0,    1) (   0,    0) (   7,    1) (   0,    3) (   0,    3) (   0,    1)
          (   0,    0) (   7,    1) (   0,    3) (   0,    4) (   0,    0) (   0,    0) (   8,    1) (   0,    3) (   0,    4) (   0,    1)
          (   0,    0) (   9,    1) (   0,    3) (   0,    4) (   0,    1) (   0,    0) (   9,    1) (   0,    3) (   0,    4) (   0,    1)
          (   0,    0) (   9,    1) (   0,    3) (   0,    4) (   0,    1) (   0,    0) (   7,    1) (   0,    3) (   0,    3) (   0,    1)
          (   0,    0) (   8,    1) (   0,    3) (   0,    4) (   0,    1) (   0,    0) (   7,    1) (   0,    3) (   0,    4) (   0,    1)
          (   0,    0) (   9,    1) (   0,    3) (   0,    4) (   0,    1) (   0,    0) (   9,    1) (   0,    3) (   0,    4) (   0,    1)
          (   0,    0) (   9,    1) (   0,    3) (   0,    4) (   0,    1) (   0,    0) (   9,    1) (   0,    3) (   0,    4) (   0,    1)
          (   0,    0) (   9,    1) (   0,    3) (   0,    4) (   0,    1) (   0,    0) (   9,    1) (   0,    3) (   0,    4) (   0,    1)
          (   0,    0) (   9,    1) (   0,    3) (   0,    4) (   0,    1) (   0,    0) (   9,    1) (   0,    3) (   0,    4) (   0,    1)
          (   0,    0) (   9,    1) (   0,    3) (   0,    4) (   0,    1) (   0,    0) (   9,    1) (   0,    3) (   0,    4) (   0,    1)
          (   0,    0) (   9,    1) (   0,    3) (   0,    4) (   0,    1) (   0,    0) (   9,    1) (   0,    3) (   0,    4) (   0,    1)
          (   0,    0) (   9,    1) (   0,    3) (   0,    4) (   0,    1) (   0,    0) (   9,    1) (   0,    3) (   0,    4) (   0,    1)
          (   0,    0) (   9,    1) (   0,    3) (   0,    4) (   0,    1) (   0,    0) (   9,    1) (   0,    3) (   0,    4) (   0,    1)
          (   0,    0) (   9,    1) (   0,    3) (   0,    4) (   0,    1) (   0,    0) (   9,    1) (   0,    3) (   0,    4) (   0,    1)
          (   0,    0) (   9,    1) (   0,    3) (   0,    4) (   0,    1) (   0,    0) (   9,    1) (   0,    3) (   0,    4) (   0,    1)
          (   0,    0) (   9,    1) (   0,    3) (   0,    4) (   0,    1) (   0,    0) (   9,    1) (   0,    3) (   0,    4) (   0,    1)
          (   0,    0) (   9,    1) (   0,    3) (   0,    4) (   0,    1) (   0,    0) (   9,    1) (   0,    3) (   0,    4) (   0,    1)
          (   0,    0) (   9,    1) (   0,    3) (   0,    4) (   0,    1) (   0,    0) (   9,    1) (   0,    3) (   0,    4) (   0,    1)
          (   0,    0) (   9,    1) (   0,    3) (   0,    4) (   0,    1) (   0,    0) (   9,    1) (   0,    3) (   0,    4) (   0,    1)
          (   0,    0) (   9,    1) (   0,    3) (   0,    4) (   0,    1) (   0,    0) (   9,    1) (   0,    3) (   0,    4) (   0,    1)
          (   0,    0) (   9,    1) (   0,    3) (   0,    4) (   0,    1) (   0,    0) (   9,    1) (   0,    3) (   0,    4) (   0,    1)
          (   0,    0) (   9,    1) (   0,    3) (   0,    4) (   0,    1) (   0,    0) (   9,    1) (   0,    3) (   0,    4) (   0,    1)
          (   0,    0) (   9,    1) (   0,    3) (   0,    4) (   0,    1) (   0,    0) (   9,    1) (   0,    3) (   0,    4) (   0,    1)
          (   0,    0) (   9,    1) (   0,    3) (   0,    4) (   0,    1) (   0,    0) (   9,    1) (   0,    3) (   0,    4) (   0,    1)
          (   0,    0) (   9,    1) (   0,    3) (   0,    4) (   0,    1) (   0,    0) (   9,    1) (   0,    3) (   0,    4) (   0,    1)
          (   0,    0) (   9,    1) (   0,    3) (   0,    4) (   0,    1) (   0,    0) (   9,    1) (   0,    3) (   0,    4) (   0,    1)
          (   0,    0) (   9,    1) (   0,    3) (   0,    4) (   0,    1) (   0,    0) (   9,    1) (   0,    3) (   0,    4) (   0,    1)
          (   0,    0) (   9,    1) (   0,    3) (   0,    4) (   0,    1) (   0,    0) (   9,    1) (   0,    3) (   0,    4) (   0,    1)
          (   0,    0) (   9,    1) (   0,    3) (   0,    4) (   0,    1) (   0,    0) (   9,    1) (   0,    3) (   0,    4) (   0,    1)
          (   0,    0) (   9,    1) (   0,    3) (   0,    4) (   0,    1) (   0,    0) (   9,    1) (   0,    3) (   0,    4) (   0,    1)
          (   0,    0) (   9,    1) (   0,    3) (   0,    4) (   0,    1) (   0,    0) (   9,    1) (   0,    3) (   0,    4) (   0,    1)
          (   0,    0) (   9,    1) (   0,    3) (   0,    4) (   0,    1) (   0,    0) (   9,    1) (   0,    3) (   0,    4) (   0,    1)
          (   0,    0) (   9,    1) (   0,    3) (   0,    4) (   0,    1) (   0,    0) (   9,    1) (   0,    3) (   0,    4) (   0,    1)
          (   0,    0) (   9,    1) (   0,    3) (   0,    4) (   0,    1) (   0,    0) (   9,    1) (   0,    3) (   0,    4) (   0,    1)
          (   0,    0) (   9,    1) (   0,    3) (   0,    4) (   0,    1) (   0,    0) (   9,    1) (   0,    3) (   0,    4) (   0,    1)
          (   0,    0) (   9,    1) (   0,    3) (   0,    4) (   0,    1) (   0,    0) (   9,    1) (   0,    3) (   0,    4) (   0,    1)
          (   0,    0) (   9,    1) (   0,    3) (   0,    4) (   0,    1) (   0,    0) (   9,    1) (   0,    3) (   0,    4) (   0,    1)
          (   0,    0) (   9,    1) (   0,    3) (   0,    4) (   0,    1) (   0,    0) (   9,    1) (   0,    3) (   0,    4) (   0,    1)
          (   0,    0) (   9,    1) (   0,    3) (   0,    4) (   0,    1) (   0,    0) (   9,    1) (   0,    3) (   0,    4) (   0,    1)
          (   0,    0) (   9,    1) (   0,    3) (   0,    4) (   0,    1) (   0,    0) (   9,    1) (   0,    3) (   0,    4) (   0,    1)
          (   0,    0) (   9,    1) (   0,    3) (   0,    4) (   0,    1) (   0,    0) (   9,    1) (   0,    3) (   0,    4) (   0,    1)
          (   0,    0) (   9,    1) (   0,    3) (   0,    4) (   0,    1) (   0,    0) (   9,    1) (   0,    3) (   0,    4) (   0,    1)
          (   0,    0) (   9,    1) (   0,    3) (   0,    4) (   0,    1) (   0,    0) (   9,    1) (   0,    3) (   0,    4) (   0,    1)
          (   0,    0) (   9,    1) (   0,    3) (   0,    4) (   0,    1) (   0,    0) (   9,    1) (   0,    3) (   0,    4) (   0,    1)
          (   0,    0) (   9,    1) (   0,    3) (   0,    4) (   0,    1) (   0,    0) (   9,    1) (   0,    3) (   0,    4) (   0,    1)
         
node   3 sent_total   1221  recv_total   1223

node   4  (   1,    0) (   0,    0) (   0,    1) (   0,    0) (   0,    0) (   0,    0) (   4,    0) (   0,    1) (   0,    4) (   0,    2)
          (   0,    0) (  10,    1) (   0,    3) (   0,    4) (   0,    2) (   0,    0) (  10,    1) (   0,    3) (   0,    4) (   0,    2)
          (   0,    0) (  10,    1) (   0,    3) (   0,    4) (   0,    2) (   0,    0) (  10,    1) (   0,    3) (   0,    4) (   0,    2)
          (   0,    0) (  10,    1) (   0,    3) (   0,    4) (   0,    2) (   0,    0) (  10,    1) (   0,    3) (   0,    4) (   0,    2)
          (   0,    0) (  10,    1) (   0,    3) (   0,    4) (   0,    2) (   0,    0) (  10,    1) (   0,    3) (   0,    4) (   0,    2)
          (   0,    0) (  10,    1) (   0,    3) (   0,    4) (   0,    1) (   0,    0) (   7,    1) (   0,    3) (   0,    4) (   0,    2)
          (   0,    0) (   9,    1) (   0,    3) (   0,    4) (   0,    2) (   0,    0) (   9,    1) (   0,    3) (   0,    3) (   0,    1)
          (   0,    0) (  10,    1) (   0,    3) (   0,    4) (   0,    2) (   0,    0) (   8,    0) (   0,    2) (   0,    2) (   0,    2)
          (   0,    0) (  10,    0) (   0,    3) (   0,    3) (   0,    2) (   0,    0) (   9,    1) (   0,    3) (   0,    3) (   0,    2)
          (   0,    0) (   9,    1) (   0,    2) (   0,    3) (   0,    2) (   0,    0) (  10,    1) (   0,    3) (   0,    4) (   0,    2)
          (   0,    0) (   9,    0) (   0,    3) (   0,    4) (   0,    0) (   0,    0) (  10,    1) (   0,    3) (   0,    4) (   0,    1)
          (   0,    0) (  10,    1) (   0,    3) (   0,    4) (   0,    1) (   0,    0) (   9,    0) (   0,    3) (   0,    3) (   0,    1)
          (   0,    0) (   8,    1) (   0,    3) (   0,    4) (   0,    1) (   0,    0) (   8,    1) (   0,    2) (   0,    4) (   0,    1)
          (   0,    0) (   7,    1) (   0,    2) (   0,    4) (   0,    1) (   0,    0) (   8,    1) (   0,    3) (   0,    3) (   0,    0)
          (   0,    0) (   9,    1) (   0,    3) (   0,    3) (   0,    1) (   0,    0) (   7,    1) (   0,    1) (   0,    3) (   0,    1)
          (   0,    0) (   8,    1) (   0,    2) (   0,    4) (   0,    1) (   0,    0) (   9,    1) (   0,    3) (   0,    4) (   0,    1)
          (   0,    0) (   8,    1) (   0,    3) (   0,    3) (   0,    1) (   0,    0) (   7,    1) (   0,    3) (   0,    4) (   0,    1)
          (   0,    0) (   9,    0) (   0,    3) (   0,    4) (   0,    1) (   0,    0) (   7,    1) (   0,    3) (   0,    3) (   0,    1)
          (   0,    0) (   9,    1) (   0,    3) (   0,    2) (   0,    1) (   0,    0) (   8,    1) (   0,    3) (   0,    2) (   0,    1)
          (   0,    0) (   9,    1) (   0,    3) (   0,    4) (   0,    1) (   0,    0) (   7,    1) (   0,    2) (   0,    4) (   0,    1)
          (   0,    0) (   9,    1) (   0,    3) (   0,    3) (   0,    1) (   0,    0) (   9,    1) (   0,    2) (   0,    2) (   0,    1)
          (   0,    0) (   8,    1) (   0,    3) (   0,    4) (   0,    1) (   0,    0) (   8,    1) (   0,    3) (   0,    4) (   0,    1)
          (   0,    0) (   9,    1) (   0,    3) (   0,    4) (   0,    1) (   0,    0) (   8,    1) (   0,    3) (   0,    4) (   0,    0)
          (   0,    0) (   8,    1) (   0,    2) (   0,    3) (   0,    1) (   0,    0) (   8,    1) (   0,    3) (   0,    4) (   0,    0)
          (   0,    0) (   7,    1) (   0,    3) (   0,    4) (   0,    1) (   0,    0) (   9,    1) (   0,    3) (   0,    4) (   0,    1)
          (   0,    0) (   8,    1) (   0,    3) (   0,    4) (   0,    1) (   0,    0) (   9,    1) (   0,    2) (   0,    4) (   0,    0)
          (   0,    0) (   6,    1) (   0,    2) (   0,    4) (   0,    1) (   0,    0) (   8,    1) (   0,    2) (   0,    4) (   0,    1)
          (   0,    0) (   8,    1) (   0,    3) (   0,    2) (   0,    1) (   0,    0) (   8,    1) (   0,    3) (   0,    4) (   0,    0)
          (   0,    0) (   8,    1) (   0,    3) (   0,    4) (   0,    1) (   0,    0) (   8,    1) (   0,    3) (   0,    4) (   0,    1)
          (   0,    0) (   8,    1) (   0,    3) (   0,    3) (   0,    0) (   0,    0) (   8,    0) (   0,    2) (   0,    4) (   0,    1)
          (   0,    0) (   9,    1) (   0,    3) (   0,    4) (   0,    1) (   0,    0) (   9,    1) (   0,    3) (   0,    4) (   0,    1)
          (   0,    0) (   9,    1) (   0,    3) (   0,    4) (   0,    1) (   0,    0) (   9,    1) (   0,    3) (   0,    4) (   0,    1)
          (   0,    0) (   9,    1) (   0,    3) (   0,    4) (   0,    1) (   0,    0) (   9,    1) (   0,    3) (   0,    4) (   0,    1)
          (   0,    0) (   9,    1) (   0,    3) (   0,    4) (   0,    1) (   0,    0) (   9,    1) (   0,    3) (   0,    4) (   0,    1)
          (   0,    0) (   9,    1) (   0,    3) (   0,    4) (   0,    1) (   0,    0) (   9,    1) (   0,    3) (   0,    4) (   0,    1)
          (   0,    0) (   9,    1) (   0,    3) (   0,    4) (   0,    1) (   0,    0) (   9,    1) (   0,    3) (   0,    4) (   0,    1)
          (   0,    0) (   9,    1) (   0,    3) (   0,    4) (   0,    1) (   0,    0) (   9,    1) (   0,    3) (   0,    4) (   0,    1)
          (   0,    0) (   9,    1) (   0,    3) (   0,    4) (   0,    1) (   0,    0) (   9,    1) (   0,    3) (   0,    4) (   0,    1)
          (   0,    0) (   9,    1) (   0,    3) (   0,    4) (   0,    1) (   0,    0) (   9,    1) (   0,    3) (   0,    4) (   0,    1)
          (   0,    0) (   9,    1) (   0,    3) (   0,    4) (   0,    1) (   0,    0) (   9,    1) (   0,    3) (   0,    4) (   0,    1)
          (   0,    0) (   9,    1) (   0,    3) (   0,    4) (   0,    1) (   0,    0) (   9,    1) (   0,    3) (   0,    4) (   0,    1)
          (   0,    0) (   9,    1) (   0,    3) (   0,    4) (   0,    1) (   0,    0) (   9,    1) (   0,    3) (   0,    4) (   0,    1)
          (   0,    0) (   9,    1) (   0,    3) (   0,    4) (   0,    1) (   0,    0) (   9,    1) (   0,    3) (   0,    4) (   0,    1)
          (   0,    0) (   9,    1) (   0,    3) (   0,    4) (   0,    1) (   0,    0) (   9,    1) (   0,    3) (   0,    4) (   0,    1)
          (   0,    0) (   9,    1) (   0,    3) (   0,    4) (   0,    1) (   0,    0) (   9,    1) (   0,    3) (   0,    4) (   0,    1)
          (   0,    0) (   9,    1) (   0,    3) (   0,    4) (   0,    1) (   0,    0) (   9,    1) (   0,    3) (   0,    4) (   0,    1)
          (   0,    0) (   9,    1) (   0,    3) (   0,    4) (   0,    1) (   0,    0) (   9,    1) (   0,    3) (   0,    4) (   0,    1)
          (   0,    0) (   9,    1) (   0,    3) (   0,    4) (   0,    1) (   0,    0) (   9,    1) (   0,    3) (   0,    4) (   0,    1)
          (   0,    0) (   9,    1) (   0,    3) (   0,    4) (   0,    1) (   0,    0) (   9,    1) (   0,    3) (   0,    4) (   0,    1)
          (   0,    0) (   9,    1) (   0,    3) (   0,    4) (   0,    1) (   0,    0) (   9,    1) (   0,    3) (   0,    4) (   0,    1)
          (   0,    0) (   9,    1) (   0,    3) (   0,    4) (   0,    1) (   0,    0) (   9,    1) (   0,    3) (   0,    4) (   0,    1)
          (   0,    0) (   9,    1) (   0,    3) (   0,    4) (   0,    1) (   0,    0) (   9,    1) (   0,    3) (   0,    4) (   0,    1)
          (   0,    0) (   9,    1) (   0,    3) (   0,    4) (   0,    1) (   0,    0) (   9,    1) (   0,    3) (   0,    4) (   0,    1)
          (   0,    0) (   9,    1) (   0,    3) (   0,    4) (   0,    1) (   0,    0) (   9,    1) (   0,    3) (   0,    4) (   0,    1)
          (   0,    0) (   9,    1) (   0,    3) (   0,    4) (   0,    1) (   0,    0) (   9,    1) (   0,    3) (   0,    4) (   0,    1)
          (   0,    0) (   9,    1) (   0,    3) (   0,    4) (   0,    1) (   0,    0) (   9,    1) (   0,    3) (   0,    4) (   0,    1)
          (   0,    0) (   9,    1) (   0,    3) (   0,    4) (   0,    1) (   0,    0) (   9,    1) (   0,    3) (   0,    4) (   0,    1)
          (   0,    0) (   9,    1) (   0,    3) (   0,    4) (   0,    1) (   0,    0) (   9,    1) (   0,    3) (   0,    4) (   0,    1)
          (   0,    0) (   9,    1) (   0,    3) (   0,    4) (   0,    1) (   0,    0) (   9,    1) (   0,    3) (   0,    4) (   0,    1)
          (   0,    0) (   9,    1) (   0,    3) (   0,    4) (   0,    1) (   0,    0) (   9,    1) (   0,    3) (   0,    4) (   0,    1)
          (   0,    0) (   9,    1) (   0,    3) (   0,    4) (   0,    1) (   0,    0) (   9,    1) (   0,    3) (   0,    4) (   0,    1)
          (   0,    0) (   9,    1) (   0,    3) (   0,    4) (   0,    1) (   0,    0) (   9,    1) (   0,    3) (   0,    4) (   0,    1)
          (   0,    0) (   9,    1) (   0,    3) (   0,    4) (   0,    1) (   0,    0) (   9,    1) (   0,    3) (   0,    4) (   0,    1)
          (   0,    0) (   9,    1) (   0,    3) (   0,    4) (   0,    1) (   0,    0) (   9,    1) (   0,    3) (   0,    4) (   0,    1)
          (   0,    0) (   9,    1) (   0,    3) (   0,    4) (   0,    1) (   0,    0) (   9,    1) (   0,    3) (   0,    4) (   0,    1)
          (   0,    0) (   9,    1) (   0,    3) (   0,    4) (   0,    1) (   0,    0) (   9,    1) (   0,    3) (   0,    4) (   0,    1)
          (   0,    0) (   9,    1) (   0,    3) (   0,    4) (   0,    1) (   0,    0) (   9,    1) (   0,    3) (   0,    4) (   0,    1)
          (   0,    0) (   9,    1) (   0,    3) (   0,    4) (   0,    1) (   0,    0) (   9,    1) (   0,    3) (   0,    4) (   0,    1)
          (   0,    0) (   9,    1) (   0,    3) (   0,    4) (   0,    1) (   0,    0) (   9,    1) (   0,    3) (   0,    4) (   0,    1)
          (   0,    0) (   9,    1) (   0,    3) (   0,    4) (   0,    1) (   0,    0) (   9,    1) (   0,    3) (   0,    4) (   0,    1)
         
node   4 sent_total   1224  recv_total   1216

node   5  (   0,    0) (   1,    0) (   0,    0) (   0,    1) (   0,    0) (   0,    0) (   0,    0) (   5,    0) (   0,    4) (   0,    2)
          (   0,    0) (   0,    1) (  10,    3) (   0,    4) (   0,    2) (   0,    0) (   0,    1) (  10,    3) (   0,    4) (   0,    2)
          (   0,    0) (   0,    1) (  10,    3) (   0,    4) (   0,    2) (   0,    0) (   0,    1) (  10,    3) (   0,    4) (   0,    2)
          (   0,    0) (   0,    1) (  10,    3) (   0,    4) (   0,    2) (   0,    0) (   0,    1) (  10,    3) (   0,    4) (   0,    2)
          (   0,    0) (   0,    1) (  10,    3) (   0,    4) (   0,    2) (   0,    0) (   0,    1) (  10,    3) (   0,    4) (   0,    2)
          (   0,    0) (   0,    1) (  10,    2) (   0,    4) (   0,    2) (   0,    0) (   0,    1) (   9,    3) (   0,    4) (   0,    2)
          (   0,    0) (   0,    1) (  10,    2) (   0,    4) (   0,    1) (   0,    0) (   0,    1) (   9,    3) (   0,    3) (   0,    2)
          (   0,    0) (   0,    1) (   9,    3) (   0,    3) (   0,    2) (   0,    0) (   0,    1) (  10,    2) (   0,    4) (   0,    1)
          (   0,    0) (   0,    1) (   8,    3) (   0,    4) (   0,    2) (   0,    0) (   0,    1) (  10,    3) (   0,    3) (   0,    2)
          (   0,    0) (   0,    1) (  10,    3) (   0,    3) (   0,    1) (   0,    0) (   0,    1) (   6,    3) (   0,    4) (   0,    2)
          (   0,    0) (   0,    1) (   7,    2) (   0,    3) (   0,    1) (   0,    0) (   0,    1) (  10,    3) (   0,    4) (   0,    1)
          (   0,    0) (   0,    1) (   8,    3) (   0,    3) (   0,    1) (   0,    0) (   0,    1) (  10,    3) (   0,    4) (   0,    0)
          (   0,    0) (   0,    1) (   6,    3) (   0,    3) (   0,    1) (   0,    0) (   0,    1) (   9,    3) (   0,    3) (   0,    1)
          (   0,    0) (   0,    0) (   8,    3) (   0,    2) (   0,    1) (   0,    0) (   0,    1) (   7,    3) (   0,    4) (   0,    1)
          (   0,    0) (   0,    1) (   8,    3) (   0,    4) (   0,    1) (   0,    0) (   0,    1) (   7,    3) (   0,    4) (   0,    1)
          (   0,    0) (   0,    1) (   7,    3) (   0,    4) (   0,    1) (   0,    0) (   0,    1) (   6,    3) (   0,    3) (   0,    1)
          (   0,    0) (   0,    1) (   9,    2) (   0,    3) (   0,    1) (   0,    0) (   0,    1) (   8,    3) (   0,    3) (   0,    0)
          (   0,    0) (   0,    1) (   8,    2) (   0,    4) (   0,    1) (   0,    0) (   0,    1) (   5,    3) (   0,    2) (   0,    1)
          (   0,    0) (   0,    1) (   8,    3) (   0,    3) (   0,    1) (   0,    0) (   0,    1) (   7,    1) (   0,    4) (   0,    1)
          (   0,    0) (   0,    1) (   9,    3) (   0,    4) (   0,    1) (   0,    0) (   0,    1) (   6,    3) (   0,    4) (   0,    1)
          (   0,    0) (   0,    1) (   7,    3) (   0,    3) (   0,    1) (   0,    0) (   0,    0) (   9,    3) (   0,    3) (   0,    1)
          (   0,    0) (   0,    1) (   9,    2) (   0,    4) (   0,    1) (   0,    0) (   0,    1) (   7,    2) (   0,    4) (   0,    1)
          (   0,    0) (   0,    1) (   7,    3) (   0,    4) (   0,    1) (   0,    0) (   0,    1) (   7,    3) (   0,    4) (   0,    1)
          (   0,    0) (   0,    1) (   7,    3) (   0,    4) (   0,    1) (   0,    0) (   0,    1) (   8,    3) (   0,    4) (   0,    1)
          (   0,    0) (   0,    1) (   8,    3) (   0,    4) (   0,    1) (   0,    0) (   0,    1) (   9,    3) (   0,    4) (   0,    1)
          (   0,    0) (   0,    1) (   9,    3) (   0,    4) (   0,    1) (   0,    0) (   0,    1) (   9,    3) (   0,    3) (   0,    1)
          (   0,    0) (   0,    1) (   7,    1) (   0,    4) (   0,    1) (   0,    0) (   0,    1) (   9,    3) (   0,    4) (   0,    1)
          (   0,    0) (   0,    1) (   8,    3) (   0,    4) (   0,    1) (   0,    0) (   0,    0) (   9,    2) (   0,    3) (   0,    0)
          (   0,    0) (   0,    1) (   9,    3) (   0,    3) (   0,    1) (   0,    0) (   0,    1) (   7,    3) (   0,    4) (   0,    1)
          (   0,    0) (   0,    1) (   7,    3) (   0,    4) (   0,    1) (   0,    0) (   0,    1) (   7,    3) (   0,    4) (   0,    1)
          (   0,    0) (   0,    1) (   9,    3) (   0,    4) (   0,    1) (   0,    0) (   0,    1) (   9,    3) (   0,    4) (   0,    1)
          (   0,    0) (   0,    1) (   9,    3) (   0,    4) (   0,    1) (   0,    0) (   0,    1) (   9,    3) (   0,    4) (   0,    1)
          (   0,    0) (   0,    1) (   9,    3) (   0,    4) (   0,    1) (   0,    0) (   0,    1) (   9,    3) (   0,    4) (   0,    1)
          (   0,    0) (   0,    1) (   9,    3) (   0,    4) (   0,    1) (   0,    0) (   0,    1) (   9,    3) (   0,    4) (   0,    1)
          (   0,    0) (   0,    1) (   9,    3) (   0,    4) (   0,    1) (   0,    0) (   0,    1) (   9,    3) (   0,    4) (   0,    1)
          (   0,    0) (   0,    1) (   9,    3) (   0,    4) (   0,    1) (   0,    0) (   0,    1) (   9,    3) (   0,    4) (   0,    1)
          (   0,    0) (   0,    1) (   9,    3) (   0,    4) (   0,    1) (   0,    0) (   0,    1) (   9,    3) (   0,    4) (   0,    1)
          (   0,    0) (   0,    1) (   9,    3) (   0,    4) (   0,    1) (   0,    0) (   0,    1) (   9,    3) (   0,    4) (   0,    1)
          (   0,    0) (   0,    1) (   9,    3) (   0,    4) (   0,    1) (   0,    0) (   0,    1) (   9,    3) (   0,    4) (   0,    1)
          (   0,    0) (   0,    1) (   9,    3) (   0,    4) (   0,    1) (   0,    0) (   0,    1) (   9,    3) (   0,    4) (   0,    1)
          (   0,    0) (   0,    1) (   9,    3) (   0,    4) (   0,    1) (   0,    0) (   0,    1) (   9,    3) (   0,    4) (   0,    1)
          (   0,    0) (   0,    1) (   9,    3) (   0,    4) (   0,    1) (   0,    0) (   0,    1) (   9,    3) (   0,    4) (   0,    1)
          (   0,    0) (   0,    1) (   9,    3) (   0,    4) (   0,    1) (   0,    0) (   0,    1) (   9,    3) (   0,    4) (   0,    1)
          (   0,    0) (   0,    1) (   9,    3) (   0,    4) (   0,    1) (   0,    0) (   0,    1) (   9,    3) (   0,    4) (   0,    1)
          (   0,    0) (   0,    1) (   9,    3) (   0,    4) (   0,    1) (   0,    0) (   0,    1) (   9,    3) (   0,    4) (   0,    1)
          (   0,    0) (   0,    1) (   9,    3) (   0,    4) (   0,    1) (   0,    0) (   0,    1) (   9,    3) (   0,    4) (   0,    1)
          (   0,    0) (   0,    1) (   9,    3) (   0,    4) (   0,    1) (   0,    0) (   0,    1) (   9,    3) (   0,    4) (   0,    1)
          (   0,    0) (   0,    1) (   9,    3) (   0,    4) (   0,    1) (   0,    0) (   0,    1) (   9,    3) (   0,    4) (   0,    1)
          (   0,    0) (   0,    1) (   9,    3) (   0,    4) (   0,    1) (   0,    0) (   0,    1) (   9,    3) (   0,    4) (   0,    1)
          (   0,    0) (   0,    1) (   9,    3) (   0,    4) (   0,    1) (   0,    0) (   0,    1) (   9,    3) (   0,    4) (   0,    1)
          (   0,    0) (   0,    1) (   9,    3) (   0,    4) (   0,    1) (   0,    0) (   0,    1) (   9,    3) (   0,    4) (   0,    1)
          (   0,    0) (   0,    1) (   9,    3) (   0,    4) (   0,    1) (   0,    0) (   0,    1) (   9,    3) (   0,    4) (   0,    1)
          (   0,    0) (   0,    1) (   9,    3) (   0,    4) (   0,    1) (   0,    0) (   0,    1) (   9,    3) (   0,    4) (   0,    1)
          (   0,    0) (   0,    1) (   9,    3) (   0,    4) (   0,    1) (   0,    0) (   0,    1) (   9,    3) (   0,    4) (   0,    1)
          (   0,    0) (   0,    1) (   9,    3) (   0,    4) (   0,    1) (   0,    0) (   0,    1) (   9,    3) (   0,    4) (   0,    1)
          (   0,    0) (   0,    1) (   9,    3) (   0,    4) (   0,    1) (   0,    0) (   0,    1) (   9,    3) (   0,    4) (   0,    1)
          (   0,    0) (   0,    1) (   9,    3) (   0,    4) (   0,    1) (   0,    0) (   0,    1) (   9,    3) (   0,    4) (   0,    1)
          (   0,    0) (   0,    1) (   9,    3) (   0,    4) (   0,    1) (   0,    0) (   0,    1) (   9,    3) (   0,    4) (   0,    1)
          (   0,    0) (   0,    1) (   9,    3) (   0,    4) (   0,    1) (   0,    0) (   0,    1) (   9,    3) (   0,    4) (   0,    1)
          (   0,    0) (   0,    1) (   9,    3) (   0,    4) (   0,    1) (   0,    0) (   0,    1) (   9,    3) (   0,    4) (   0,    1)
          (   0,    0) (   0,    1) (   9,    3) (   0,    4) (   0,    1) (   0,    0) (   0,    1) (   9,    3) (   0,    4) (   0,    1)
          (   0,    0) (   0,    1) (   9,    3) (   0,    4) (   0,    1) (   0,    0) (   0,    1) (   9,    3) (   0,    4) (   0,    1)
          (   0,    0) (   0,    1) (   9,    3) (   0,    4) (   0,    1) (   0,    0) (   0,    1) (   9,    3) (   0,    4) (   0,    1)
          (   0,    0) (   0,    1) (   9,    3) (   0,    4) (   0,    1) (   0,    0) (   0,    1) (   9,    3) (   0,    4) (   0,    1)
          (   0,    0) (   0,    1) (   9,    3) (   0,    4) (   0,    1) (   0,    0) (   0,    1) (   9,    3) (   0,    4) (   0,    1)
          (   0,    0) (   0,    1) (   9,    3) (   0,    4) (   0,    1) (   0,    0) (   0,    1) (   9,    3) (   0,    4) (   0,    1)
          (   0,    0) (   0,    1) (   9,    3) (   0,    4) (   0,    1) (   0,    0) (   0,    1) (   9,    3) (   0,    4) (   0,    1)
          (   0,    0) (   0,    1) (   9,    3) (   0,    4) (   0,    1) (   0,    0) (   0,    1) (   9,    3) (   0,    4) (   0,    1)
          (   0,    0) (   0,    1) (   9,    3) (   0,    4) (   0,    1) (   0,    0) (   0,    1) (   9,    3) (   0,    4) (   0,    1)
          (   0,    0) (   0,    1) (   9,    3) (   0,    4) (   0,    1) (   0,    0) (   0,    1) (   9,    3) (   0,    4) (   0,    1)
         
node   5 sent_total   1209  recv_total   1224

node   6  (   0,    0) (   1,    0) (   0,    0) (   0,    1) (   0,    0) (   0,    0) (   0,    0) (   6,    0) (   0,    3) (   0,    2)
          (   0,    0) (   0,    1) (  10,    3) (   0,    4) (   0,    2) (   0,    0) (   0,    1) (  10,    3) (   0,    4) (   0,    2)
          (   0,    0) (   0,    1) (  10,    3) (   0,    4) (   0,    2) (   0,    0) (   0,    1) (  10,    3) (   0,    4) (   0,    2)
          (   0,    0) (   0,    1) (  10,    3) (   0,    4) (   0,    2) (   0,    0) (   0,    1) (  10,    3) (   0,    4) (   0,    2)
          (   0,    0) (   0,    1) (  10,    3) (   0,    4) (   0,    2) (   0,    0) (   0,    1) (  10,    3) (   0,    4) (   0,    2)
          (   0,    0) (   0,    1) (   8,    3) (   0,    4) (   0,    1) (   0,    0) (   0,    1) (  10,    2) (   0,    1) (   0,    1)
          (   0,    0) (   0,    1) (  10,    3) (   0,    4) (   0,    2) (   0,    0) (   0,    1) (   9,    3) (   0,    4) (   0,    2)
          (   0,    0) (   0,    1) (  10,    3) (   0,    4) (   0,    2) (   0,    0) (   0,    1) (   9,    3) (   0,    4) (   0,    1)
          (   0,    0) (   0,    1) (   9,    2) (   0,    3) (   0,    2) (   0,    0) (   0,    1) (   7,    3) (   0,    3) (   0,    2)
          (   0,    0) (   0,    1) (   8,    3) (   0,    3) (   0,    2) (   0,    0) (   0,    1) (   9,    3) (   0,    3) (   0,    2)
          (   0,    0) (   0,    1) (   8,    3) (   0,    2) (   0,    1) (   0,    0) (   0,    1) (   9,    3) (   0,    4) (   0,    1)
          (   0,    0) (   0,    0) (  10,    3) (   0,    4) (   0,    1) (   0,    0) (   0,    1) (  10,    3) (   0,    4) (   0,    1)
          (   0,    0) (   0,    1) (   8,    3) (   0,    4) (   0,    1) (   0,    0) (   0,    0) (   8,    3) (   0,    3) (   0,    1)
          (   0,    0) (   0,    1) (   8,    3) (   0,    4) (   0,    1) (   0,    0) (   0,    1) (   8,    2) (   0,    4) (   0,    1)
          (   0,    0) (   0,    1) (   8,    3) (   0,    4) (   0,    1) (   0,    0) (   0,    1) (   9,    2) (   0,    4) (   0,    1)
          (   0,    0) (   0,    1) (   9,    3) (   0,    3) (   0,    0) (   0,    0) (   0,    1) (   8,    3) (   0,    3) (   0,    1)
          (   0,    0) (   0,    1) (   8,    2) (   0,    4) (   0,    1) (   0,    0) (   0,    1) (   9,    2) (   0,    4) (   0,    0)
          (   0,    0) (   0,    1) (   8,    3) (   0,    3) (   0,    1) (   0,    0) (   0,    0) (   7,    2) (   0,    2) (   0,    0)
          (   0,    0) (   0,    1) (   8,    3) (   0,    4) (   0,    1) (   0,    0) (   0,    1) (   8,    1) (   0,    4) (   0,    1)
          (   0,    0) (   0,    1) (   8,    3) (   0,    4) (   0,    1) (   0,    0) (   0,    1) (   8,    2) (   0,    4) (   0,    1)
          (   0,    0) (   0,    1) (   9,    3) (   0,    3) (   0,    1) (   0,    0) (   0,    1) (   6,    2) (   0,    4) (   0,    1)
          (   0,    0) (   0,    1) (   8,    3) (   0,    3) (   0,    0) (   0,    0) (   0,    1) (   8,    3) (   0,    3) (   0,    1)
          (   0,    0) (   0,    1) (   8,    3) (   0,    2) (   0,    1) (   0,    0) (   0,    1) (   9,    3) (   0,    2) (   0,    0)
          (   0,    0) (   0,    1) (   8,    3) (   0,    3) (   0,    1) (   0,    0) (   0,    1) (   9,    2) (   0,    4) (   0,    1)
          (   0,    0) (   0,    1) (   8,    2) (   0,    3) (   0,    1) (   0,    0) (   0,    1) (   9,    3) (   0,    4) (   0,    1)
          (   0,    0) (   0,    1) (   8,    2) (   0,    4) (   0,    1) (   0,    0) (   0,    1) (   7,    1) (   0,    2) (   0,    1)
          (   0,    0) (   0,    1) (   9,    3) (   0,    3) (   0,    0) (   0,    0) (   0,    1) (   7,    1) (   0,    2) (   0,    1)
          (   0,    0) (   0,    1) (   8,    3) (   0,    4) (   0,    1) (   0,    0) (   0,    0) (   8,    3) (   0,    4) (   0,    1)
          (   0,    0) (   0,    0) (   9,    1) (   0,    4) (   0,    0) (   0,    0) (   0,    1) (   9,    3) (   0,    4) (   0,    1)
          (   0,    0) (   0,    1) (   9,    2) (   0,    4) (   0,    1) (   0,    0) (   0,    1) (   9,    3) (   0,    4) (   0,    1)
          (   0,    0) (   0,    1) (   9,    3) (   0,    4) (   0,    1) (   0,    0) (   0,    1) (   9,    3) (   0,    4) (   0,    1)
          (   0,    0) (   0,    1) (   9,    3) (   0,    4) (   0,    1) (   0,    0) (   0,    1) (   9,    3) (   0,    4) (   0,    1)
          (   0,    0) (   0,    1) (   9,    3) (   0,    4) (   0,    1) (   0,    0) (   0,    1) (   9,    3) (   0,    4) (   0,    1)
          (   0,    0) (   0,    1) (   9,    3) (   0,    4) (   0,    1) (   0,    0) (   0,    1) (   9,    3) (   0,    4) (   0,    1)
          (   0,    0) (   0,    1) (   9,    3) (   0,    4) (   0,    1) (   0,    0) (   0,    1) (   9,    3) (   0,    4) (   0,    1)
          (   0,    0) (   0,    1) (   9,    3) (   0,    4) (   0,    1) (   0,    0) (   0,    1) (   9,    3) (   0,    4) (   0,    1)
          (   0,    0) (   0,    1) (   9,    3) (   0,    4) (   0,    1) (   0,    0) (   0,    1) (   9,    3) (   0,    4) (   0,    1)
          (   0,    0) (   0,    1) (   9,    3) (   0,    4) (   0,    1) (   0,    0) (   0,    1) (   9,    3) (   0,    4) (   0,    1)
          (   0,    0) (   0,    1) (   9,    3) (   0,    4) (   0,    1) (   0,    0) (   0,    1) (   9,    3) (   0,    4) (   0,    1)
          (   0,    0) (   0,    1) (   9,    3) (   0,    4) (   0,    1) (   0,    0) (   0,    1) (   9,    3) (   0,    4) (   0,    1)
          (   0,    0) (   0,    1) (   9,    3) (   0,    4) (   0,    1) (   0,    0) (   0,    1) (   9,    3) (   0,    4) (   0,    1)
          (   0,    0) (   0,    1) (   9,    3) (   0,    4) (   0,    1) (   0,    0) (   0,    1) (   9,    3) (   0,    4) (   0,    1)
          (   0,    0) (   0,    1) (   9,    3) (   0,    4) (   0,    1) (   0,    0) (   0,    1) (   9,    3) (   0,    4) (   0,    1)
          (   0,    0) (   0,    1) (   9,    3) (   0,    4) (   0,    1) (   0,    0) (   0,    1) (   9,    3) (   0,    4) (   0,    1)
          (   0,    0) (   0,    1) (   9,    3) (   0,    4) (   0,    1) (   0,    0) (   0,    1) (   9,    3) (   0,    4) (   0,    1)
          (   0,    0) (   0,    1) (   9,    3) (   0,    4) (   0,    1) (   0,    0) (   0,    1) (   9,    3) (   0,    4) (   0,    1)
          (   0,    0) (   0,    1) (   9,    3) (   0,    4) (   0,    1) (   0,    0) (   0,    1) (   9,    3) (   0,    4) (   0,    1)
          (   0,    0) (   0,    1) (   9,    3) (   0,    4) (   0,    1) (   0,    0) (   0,    1) (   9,    3) (   0,    4) (   0,    1)
          (   0,    0) (   0,    1) (   9,    3) (   0,    4) (   0,    1) (   0,    0) (   0,    1) (   9,    3) (   0,    4) (   0,    1)
          (   0,    0) (   0,    1) (   9,    3) (   0,    4) (   0,    1) (   0,    0) (   0,    1) (   9,    3) (   0,    4) (   0,    1)
          (   0,    0) (   0,    1) (   9,    3) (   0,    4) (   0,    1) (   0,    0) (   0,    1) (   9,    3) (   0,    4) (   0,    1)
          (   0,    0) (   0,    1) (   9,    3) (   0,    4) (   0,    1) (   0,    0) (   0,    1) (   9,    3) (   0,    4) (   0,    1)
          (   0,    0) (   0,    1) (   9,    3) (   0,    4) (   0,    1) (   0,    0) (   0,    1) (   9,    3) (   0,    4) (   0,    1)
          (   0,    0) (   0,    1) (   9,    3) (   0,    4) (   0,    1) (   0,    0) (   0,    1) (   9,    3) (   0,    4) (   0,    1)
          (   0,    0) (   0,    1) (   9,    3) (   0,    4) (   0,    1) (   0,    0) (   0,    1) (   9,    3) (   0,    4) (   0,    1)
          (   0,    0) (   0,    1) (   9,    3) (   0,    4) (   0,    1) (   0,    0) (   0,    1) (   9,    3) (   0,    4) (   0,    1)
          (   0,    0) (   0,    1) (   9,    3) (   0,    4) (   0,    1) (   0,    0) (   0,    1) (   9,    3) (   0,    4) (   0,    1)
          (   0,    0) (   0,    1) (   9,    3) (   0,    4) (   0,    1) (   0,    0) (   0,    1) (   9,    3) (   0,    4) (   0,    1)
          (   0,    0) (   0,    1) (   9,    3) (   0,    4) (   0,    1) (   0,    0) (   0,    1) (   9,    3) (   0,    4) (   0,    1)
          (   0,    0) (   0,    1) (   9,    3) (   0,    4) (   0,    1) (   0,    0) (   0,    1) (   9,    3) (   0,    4) (   0,    1)
          (   0,    0) (   0,    1) (   9,    3) (   0,    4) (   0,    1) (   0,    0) (   0,    1) (   9,    3) (   0,    4) (   0,    1)
          (   0,    0) (   0,    1) (   9,    3) (   0,    4) (   0,    1) (   0,    0) (   0,    1) (   9,    3) (   0,    4) (   0,    1)
          (   0,    0) (   0,    1) (   9,    3) (   0,    4) (   0,    1) (   0,    0) (   0,    1) (   9,    3) (   0,    4) (   0,    1)
          (   0,    0) (   0,    1) (   9,    3) (   0,    4) (   0,    1) (   0,    0) (   0,    1) (   9,    3) (   0,    4) (   0,    1)
          (   0,    0) (   0,    1) (   9,    3) (   0,    4) (   0,    1) (   0,    0) (   0,    1) (   9,    3) (   0,    4) (   0,    1)
          (   0,    0) (   0,    1) (   9,    3) (   0,    4) (   0,    1) (   0,    0) (   0,    1) (   9,    3) (   0,    4) (   0,    1)
          (   0,    0) (   0,    1) (   9,    3) (   0,    4) (   0,    1) (   0,    0) (   0,    1) (   9,    3) (   0,    4) (   0,    1)
          (   0,    0) (   0,    1) (   9,    3) (   0,    4) (   0,    1) (   0,    0) (   0,    1) (   9,    3) (   0,    4) (   0,    1)
          (   0,    0) (   0,    1) (   9,    3) (   0,    4) (   0,    1) (   0,    0) (   0,    1) (   9,    3) (   0,    4) (   0,    1)
          (   0,    0) (   0,    1) (   9,    3) (   0,    4) (   0,    1) (   0,    0) (   0,    1) (   9,    3) (   0,    4) (   0,    1)
         
node   6 sent_total   1228  recv_total   1201

node   7  (   0,    0) (   1,    0) (   0,    0) (   0,    1) (   0,    0) (   0,    0) (   0,    0) (   7,    0) (   0,    2) (   0,    2)
          (   0,    0) (   0,    1) (  10,    3) (   0,    4) (   0,    2) (   0,    0) (   0,    1) (  10,    3) (   0,    4) (   0,    2)
          (   0,    0) (   0,    1) (  10,    3) (   0,    4) (   0,    2) (   0,    0) (   0,    1) (  10,    3) (   0,    4) (   0,    2)
          (   0,    0) (   0,    1) (  10,    3) (   0,    4) (   0,    2) (   0,    0) (   0,    1) (  10,    3) (   0,    4) (   0,    2)
          (   0,    0) (   0,    1) (  10,    3) (   0,    4) (   0,    2) (   0,    0) (   0,    1) (  10,    3) (   0,    4) (   0,    2)
          (   0,    0) (   0,    1) (   7,    2) (   0,    3) (   0,    2) (   0,    0) (   0,    1) (   8,    3) (   0,    4) (   0,    2)
          (   0,    0) (   0,    1) (  10,    3) (   0,    4) (   0,    2) (   0,    0) (   0,    0) (  10,    2) (   0,    3) (   0,    2)
          (   0,    0) (   0,    1) (   8,    2) (   0,    4) (   0,    2) (   0,    0) (   0,    1) (   9,    2) (   0,    4) (   0,    2)
          (   0,    0) (   0,    1) (   9,    3) (   0,    2) (   0,    1) (   0,    0) (   0,    1) (   9,    3) (   0,    4) (   0,    2)
          (   0,    0) (   0,    1) (   8,    3) (   0,    3) (   0,    1) (   0,    0) (   0,    1) (  10,    3) (   0,    4) (   0,    2)
          (   0,    0) (   0,    1) (  10,    3) (   0,    4) (   0,    1) (   0,    0) (   0,    1) (  10,    2) (   0,    4) (   0,    1)
          (   0,    0) (   0,    1) (   8,    3) (   0,    4) (   0,    1) (   0,    0) (   0,    1) (   9,    3) (   0,    4) (   0,    1)
          (   0,    0) (   0,    1) (   8,    3) (   0,    4) (   0,    1) (   0,    0) (   0,    1) (   8,    2) (   0,    4) (   0,    1)
          (   0,    0) (   0,    0) (   8,    2) (   0,    4) (   0,    1) (   0,    0) (   0,    1) (   8,    3) (   0,    4) (   0,    0)
          (   0,    0) (   0,    1) (   8,    3) (   0,    2) (   0,    1) (   0,    0) (   0,    1) (   9,    3) (   0,    4) (   0,    1)
          (   0,    0) (   0,    1) (   8,    3) (   0,    3) (   0,    1) (   0,    0) (   0,    1) (   8,    3) (   0,    3) (   0,    1)
          (   0,    0) (   0,    1) (   8,    2) (   0,    4) (   0,    1) (   0,    0) (   0,    1) (   7,    2) (   0,    4) (   0,    1)
          (   0,    0) (   0,    0) (   8,    3) (   0,    1) (   0,    1) (   0,    0) (   0,    1) (   8,    3) (   0,    4) (   0,    1)
          (   0,    0) (   0,    1) (   7,    3) (   0,    3) (   0,    1) (   0,    0) (   0,    1) (   9,    3) (   0,    4) (   0,    1)
          (   0,    0) (   0,    1) (   7,    3) (   0,    4) (   0,    1) (   0,    0) (   0,    1) (   7,    2) (   0,    3) (   0,    1)
          (   0,    0) (   0,    1) (   7,    3) (   0,    4) (   0,    1) (   0,    0) (   0,    1) (   6,    3) (   0,    3) (   0,    1)
          (   0,    0) (   0,    1) (   9,    3) (   0,    4) (   0,    1) (   0,    0) (   0,    1) (   9,    2) (   0,    3) (   0,    1)
          (   0,    0) (   0,    1) (   7,    3) (   0,    4) (   0,    1) (   0,    0) (   0,    1) (   7,    3) (   0,    3) (   0,    1)
          (   0,    0) (   0,    1) (   9,    2) (   0,    4) (   0,    0) (   0,    0) (   0,    1) (   9,    3) (   0,    4) (   0,    1)
          (   0,    0) (   0,    1) (   9,    3) (   0,    4) (   0,    1) (   0,    0) (   0,    1) (   9,    3) (   0,    4) (   0,    1)
          (   0,    0) (   0,    1) (   8,    3) (   0,    4) (   0,    1) (   0,    0) (   0,    1) (   5,    3) (   0,    3) (   0,    1)
          (   0,    0) (   0,    1) (   9,    2) (   0,    4) (   0,    1) (   0,    0) (   0,    1) (   8,    3) (   0,    3) (   0,    1)
          (   0,    0) (   0,    1) (   8,    3) (   0,    3) (   0,    1) (   0,    0) (   0,    1) (   8,    2) (   0,    4) (   0,    1)
          (   0,    0) (   0,    1) (   6,    3) (   0,    3) (   0,    1) (   0,    0) (   0,    1) (   8,    3) (   0,    2) (   0,    1)
          (   0,    0) (   0,    1) (   9,    3) (   0,    4) (   0,    1) (   0,    0) (   0,    1) (   9,    3) (   0,    4) (   0,    1)
          (   0,    0) (   0,    0) (   9,    3) (   0,    4) (   0,    1) (   0,    0) (   0,    1) (   9,    3) (   0,    4) (   0,    1)
          (   0,    0) (   0,    1) (   9,    3) (   0,    4) (   0,    1) (   0,    0) (   0,    1) (   9,    3) (   0,    4) (   0,    1)
          (   0,    0) (   0,    1) (   9,    3) (   0,    4) (   0,    1) (   0,    0) (   0,    1) (   9,    3) (   0,    4) (   0,    1)
          (   0,    0) (   0,    1) (   9,    3) (   0,    4) (   0,    1) (   0,    0) (   0,    1) (   9,    3) (   0,    4) (   0,    1)
          (   0,    0) (   0,    1) (   9,    3) (   0,    4) (   0,    1) (   0,    0) (   0,    1) (   9,    3) (   0,    4) (   0,    1)
          (   0,    0) (   0,    1) (   9,    3) (   0,    4) (   0,    1) (   0,    0) (   0,    1) (   9,    3) (   0,    4) (   0,    1)
          (   0,    0) (   0,    1) (   9,    3) (   0,    4) (   0,    1) (   0,    0) (   0,    1) (   9,    3) (   0,    4) (   0,    1)
          (   0,    0) (   0,    1) (   9,    3) (   0,    4) (   0,    1) (   0,    0) (   0,    1) (   9,    3) (   0,    4) (   0,    1)
          (   0,    0) (   0,    1) (   9,    3) (   0,    4) (   0,    1) (   0,    0) (   0,    1) (   9,    3) (   0,    4) (   0,    1)
          (   0,    0) (   0,    1) (   9,    3) (   0,    4) (   0,    1) (   0,    0) (   0,    1) (   9,    3) (   0,    4) (   0,    1)
          (   0,    0) (   0,    1) (   9,    3) (   0,    4) (   0,    1) (   0,    0) (   0,    1) (   9,    3) (   0,    4) (   0,    1)
          (   0,    0) (   0,    1) (   9,    3) (   0,    4) (   0,    1) (   0,    0) (   0,    1) (   9,    3) (   0,    4) (   0,    1)
          (   0,    0) (   0,    1) (   9,    3) (   0,    4) (   0,    1) (   0,    0) (   0,    1) (   9,    3) (   0,    4) (   0,    1)
          (   0,    0) (   0,    1) (   9,    3) (   0,    4) (   0,    1) (   0,    0) (   0,    1) (   9,    3) (   0,    4) (   0,    1)
          (   0,    0) (   0,    1) (   9,    3) (   0,    4) (   0,    1) (   0,    0) (   0,    1) (   9,    3) (   0,    4) (   0,    1)
          (   0,    0) (   0,    1) (   9,    3) (   0,    4) (   0,    1) (   0,    0) (   0,    1) (   9,    3) (   0,    4) (   0,    1)
          (   0,    0) (   0,    1) (   9,    3) (   0,    4) (   0,    1) (   0,    0) (   0,    1) (   9,    3) (   0,    4) (   0,    1)
          (   0,    0) (   0,    1) (   9,    3) (   0,    4) (   0,    1) (   0,    0) (   0,    1) (   9,    3) (   0,    4) (   0,    1)
          (   0,    0) (   0,    1) (   9,    3) (   0,    4) (   0,    1) (   0,    0) (   0,    1) (   9,    3) (   0,    4) (   0,    1)
          (   0,    0) (   0,    1) (   9,    3) (   0,    4) (   0,    1) (   0,    0) (   0,    1) (   9,    3) (   0,    4) (   0,    1)
          (   0,    0) (   0,    1) (   9,    3) (   0,    4) (   0,    1) (   0,    0) (   0,    1) (   9,    3) (   0,    4) (   0,    1)
          (   0,    0) (   0,    1) (   9,    3) (   0,    4) (   0,    1) (   0,    0) (   0,    1) (   9,    3) (   0,    4) (   0,    1)
          (   0,    0) (   0,    1) (   9,    3) (   0,    4) (   0,    1) (   0,    0) (   0,    1) (   9,    3) (   0,    4) (   0,    1)
          (   0,    0) (   0,    1) (   9,    3) (   0,    4) (   0,    1) (   0,    0) (   0,    1) (   9,    3) (   0,    4) (   0,    1)
          (   0,    0) (   0,    1) (   9,    3) (   0,    4) (   0,    1) (   0,    0) (   0,    1) (   9,    3) (   0,    4) (   0,    1)
          (   0,    0) (   0,    1) (   9,    3) (   0,    4) (   0,    1) (   0,    0) (   0,    1) (   9,    3) (   0,    4) (   0,    1)
          (   0,    0) (   0,    1) (   9,    3) (   0,    4) (   0,    1) (   0,    0) (   0,    1) (   9,    3) (   0,    4) (   0,    1)
          (   0,    0) (   0,    1) (   9,    3) (   0,    4) (   0,    1) (   0,    0) (   0,    1) (   9,    3) (   0,    4) (   0,    1)
          (   0,    0) (   0,    1) (   9,    3) (   0,    4) (   0,    1) (   0,    0) (   0,    1) (   9,    3) (   0,    4) (   0,    1)
          (   0,    0) (   0,    1) (   9,    3) (   0,    4) (   0,    1) (   0,    0) (   0,    1) (   9,    3) (   0,    4) (   0,    1)
          (   0,    0) (   0,    1) (   9,    3) (   0,    4) (   0,    1) (   0,    0) (   0,    1) (   9,    3) (   0,    4) (   0,    1)
          (   0,    0) (   0,    1) (   9,    3) (   0,    4) (   0,    1) (   0,    0) (   0,    1) (   9,    3) (   0,    4) (   0,    1)
          (   0,    0) (   0,    1) (   9,    3) (   0,    4) (   0,    1) (   0,    0) (   0,    1) (   9,    3) (   0,    4) (   0,    1)
          (   0,    0) (   0,    1) (   9,    3) (   0,    4) (   0,    1) (   0,    0) (   0,    1) (   9,    3) (   0,    4) (   0,    1)
          (   0,    0) (   0,    1) (   9,    3) (   0,    4) (   0,    1) (   0,    0) (   0,    1) (   9,    3) (   0,    4) (   0,    1)
          (   0,    0) (   0,    1) (   9,    3) (   0,    4) (   0,    1) (   0,    0) (   0,    1) (   9,    3) (   0,    4) (   0,    1)
          (   0,    0) (   0,    1) (   9,    3) (   0,    4) (   0,    1) (   0,    0) (   0,    1) (   9,    3) (   0,    4) (   0,    1)
          (   0,    0) (   0,    1) (   9,    3) (   0,    4) (   0,    1) (   0,    0) (   0,    1) (   9,    3) (   0,    4) (   0,    1)
          (   0,    0) (   0,    1) (   9,    3) (   0,    4) (   0,    1) (   0,    0) (   0,    1) (   9,    3) (   0,    4) (   0,    1)
          (   0,    0) (   0,    1) (   9,    3) (   0,    4) (   0,    1) (   0,    0) (   0,    1) (   9,    3) (   0,    4) (   0,    1)
         
node   7 sent_total   1218  recv_total   1220

node   8  (   0,    0) (   1,    0) (   0,    0) (   0,    1) (   0,    0) (   0,    0) (   0,    0) (   8,    0) (   0,    1) (   0,    2)
          (   0,    0) (   0,    1) (  10,    3) (   0,    4) (   0,    2) (   0,    0) (   0,    1) (  10,    3) (   0,    4) (   0,    2)
          (   0,    0) (   0,    1) (  10,    3) (   0,    4) (   0,    2) (   0,    0) (   0,    1) (  10,    3) (   0,    4) (   0,    2)
          (   0,    0) (   0,    1) (  10,    3) (   0,    4) (   0,    2) (   0,    0) (   0,    1) (  10,    3) (   0,    4) (   0,    2)
          (   0,    0) (   0,    1) (  10,    3) (   0,    4) (   0,    2) (   0,    0) (   0,    1) (  10,    3) (   0,    4) (   0,    2)
          (   0,    0) (   0,    1) (  10,    3) (   0,    2) (   0,    2) (   0,    0) (   0,    1) (   9,    3) (   0,    4) (   0,    2)
          (   0,    0) (   0,    1) (   9,    3) (   0,    4) (   0,    1) (   0,    0) (   0,    1) (   9,    2) (   0,    4) (   0,    2)
          (   0,    0) (   0,    1) (   9,    3) (   0,    3) (   0,    2) (   0,    0) (   0,    1) (   9,    3) (   0,    3) (   0,    2)
          (   0,    0) (   0,    1) (  10,    3) (   0,    4) (   0,    2) (   0,    0) (   0,    1) (   9,    3) (   0,    4) (   0,    2)
          (   0,    0) (   0,    1) (   8,    3) (   0,    3) (   0,    2) (   0,    0) (   0,    1) (  10,    3) (   0,    3) (   0,    2)
          (   0,    0) (   0,    1) (  10,    2) (   0,    4) (   0,    0) (   0,    0) (   0,    1) (  10,    3) (   0,    4) (   0,    1)
          (   0,    0) (   0,    1) (   9,    3) (   0,    3) (   0,    1) (   0,    0) (   0,    1) (   9,    3) (   0,    4) (   0,    1)
          (   0,    0) (   0,    1) (   8,    3) (   0,    2) (   0,    1) (   0,    0) (   0,    1) (   7,    3) (   0,    4) (   0,    1)
          (   0,    0) (   0,    1) (   9,    3) (   0,    4) (   0,    1) (   0,    0) (   0,    1) (   7,    3) (   0,    3) (   0,    1)
          (   0,    0) (   0,    1) (   8,    3) (   0,    4) (   0,    1) (   0,    0) (   0,    1) (   9,    3) (   0,    4) (   0,    1)
          (   0,    0) (   0,    1) (   6,    3) (   0,    3) (   0,    1) (   0,    0) (   0,    1) (   6,    3) (   0,    3) (   0,    1)
          (   0,    0) (   0,    0) (   8,    3) (   0,    4) (   0,    1) (   0,    0) (   0,    1) (   8,    2) (   0,    3) (   0,    1)
          (   0,    0) (   0,    1) (   7,    3) (   0,    3) (   0,    1) (   0,    0) (   0,    0) (   8,    2) (   0,    4) (   0,    1)
          (   0,    0) (   0,    1) (   7,    3) (   0,    4) (   0,    1) (   0,    0) (   0,    1) (   7,    3) (   0,    3) (   0,    1)
          (   0,    0) (   0,    1) (   8,    3) (   0,    2) (   0,    1) (   0,    0) (   0,    0) (   8,    3) (   0,    4) (   0,    0)
          (   0,    0) (   0,    1) (   9,    2) (   0,    4) (   0,    1) (   0,    0) (   0,    1) (   9,    3) (   0,    4) (   0,    1)
          (   0,    0) (   0,    0) (   8,    2) (   0,    4) (   0,    1) (   0,    0) (   0,    1) (   8,    3) (   0,    3) (   0,    1)
          (   0,    0) (   0,    1) (   8,    2) (   0,    3) (   0,    1) (   0,    0) (   0,    1) (   8,    2) (   0,    4) (   0,    1)
          (   0,    0) (   0,    1) (   7,    2) (   0,    3) (   0,    1) (   0,    0) (   0,    1) (   9,    3) (   0,    4) (   0,    1)
          (   0,    0) (   0,    1) (   8,    3) (   0,    3) (   0,    1) (   0,    0) (   0,    0) (   8,    3) (   0,    4) (   0,    1)
          (   0,    0) (   0,    1) (   9,    3) (   0,    4) (   0,    1) (   0,    0) (   0,    1) (   7,    3) (   0,    3) (   0,    1)
          (   0,    0) (   0,    0) (   9,    3) (   0,    4) (   0,    1) (   0,    0) (   0,    1) (   7,    3) (   0,    3) (   0,    1)
          (   0,    0) (   0,    0) (   9,    3) (   0,    4) (   0,    1) (   0,    0) (   0,    1) (   8,    2) (   0,    4) (   0,    1)
          (   0,    0) (   0,    1) (   7,    3) (   0,    3) (   0,    1) (   0,    0) (   0,    1) (   8,    3) (   0,    4) (   0,    1)
          (   0,    0) (   0,    1) (   9,    3) (   0,    4) (   0,    1) (   0,    0) (   0,    1) (   9,    3) (   0,    4) (   0,    1)
          (   0,    0) (   0,    1) (   9,    3) (   0,    4) (   0,    1) (   0,    0) (   0,    1) (   9,    3) (   0,    4) (   0,    1)
          (   0,    0) (   0,    1) (   9,    3) (   0,    4) (   0,    1) (   0,    0) (   0,    1) (   9,    3) (   0,    4) (   0,    1)
          (   0,    0) (   0,    1) (   9,    3) (   0,    4) (   0,    1) (   0,    0) (   0,    1) (   9,    3) (   0,    4) (   0,    1)
          (   0,    0) (   0,    1) (   9,    3) (   0,    4) (   0,    1) (   0,    0) (   0,    1) (   9,    3) (   0,    4) (   0,    1)
          (   0,    0) (   0,    1) (   9,    3) (   0,    4) (   0,    1) (   0,    0) (   0,    1) (   9,    3) (   0,    4) (   0,    1)
          (   0,    0) (   0,    1) (   9,    3) (   0,    4) (   0,    1) (   0,    0) (   0,    1) (   9,    3) (   0,    4) (   0,    1)
          (   0,    0) (   0,    1) (   9,    3) (   0,    4) (   0,    1) (   0,    0) (   0,    1) (   9,    3) (   0,    4) (   0,    1)
          (   0,    0) (   0,    1) (   9,    3) (   0,    4) (   0,    1) (   0,    0) (   0,    1) (   9,    3) (   0,    4) (   0,    1)
          (   0,    0) (   0,    1) (   9,    3) (   0,    4) (   0,    1) (   0,    0) (   0,    1) (   9,    3) (   0,    4) (   0,    1)
          (   0,    0) (   0,    1) (   9,    3) (   0,    4) (   0,    1) (   0,    0) (   0,    1) (   9,    3) (   0,    4) (   0,    1)
          (   0,    0) (   0,    1) (   9,    3) (   0,    4) (   0,    1) (   0,    0) (   0,    1) (   9,    3) (   0,    4) (   0,    1)
          (   0,    0) (   0,    1) (   9,    3) (   0,    4) (   0,    1) (   0,    0) (   0,    1) (   9,    3) (   0,    4) (   0,    1)
          (   0,    0) (   0,    1) (   9,    3) (   0,    4) (   0,    1) (   0,    0) (   0,    1) (   9,    3) (   0,    4) (   0,    1)
          (   0,    0) (   0,    1) (   9,    3) (   0,    4) (   0,    1) (   0,    0) (   0,    1) (   9,    3) (   0,    4) (   0,    1)
          (   0,    0) (   0,    1) (   9,    3) (   0,    4) (   0,    1) (   0,    0) (   0,    1) (   9,    3) (   0,    4) (   0,    1)
          (   0,    0) (   0,    1) (   9,    3) (   0,    4) (   0,    1) (   0,    0) (   0,    1) (   9,    3) (   0,    4) (   0,    1)
          (   0,    0) (   0,    1) (   9,    3) (   0,    4) (   0,    1) (   0,    0) (   0,    1) (   9,    3) (   0,    4) (   0,    1)
          (   0,    0) (   0,    1) (   9,    3) (   0,    4) (   0,    1) (   0,    0) (   0,    1) (   9,    3) (   0,    4) (   0,    1)
          (   0,    0) (   0,    1) (   9,    3) (   0,    4) (   0,    1) (   0,    0) (   0,    1) (   9,    3) (   0,    4) (   0,    1)
          (   0,    0) (   0,    1) (   9,    3) (   0,    4) (   0,    1) (   0,    0) (   0,    1) (   9,    3) (   0,    4) (   0,    1)
          (   0,    0) (   0,    1) (   9,    3) (   0,    4) (   0,    1) (   0,    0) (   0,    1) (   9,    3) (   0,    4) (   0,    1)
          (   0,    0) (   0,    1) (   9,    3) (   0,    4) (   0,    1) (   0,    0) (   0,    1) (   9,    3) (   0,    4) (   0,    1)
          (   0,    0) (   0,    1) (   9,    3) (   0,    4) (   0,    1) (   0,    0) (   0,    1) (   9,    3) (   0,    4) (   0,    1)
          (   0,    0) (   0,    1) (   9,    3) (   0,    4) (   0,    1) (   0,    0) (   0,    1) (   9,    3) (   0,    4) (   0,    1)
          (   0,    0) (   0,    1) (   9,    3) (   0,    4) (   0,    1) (   0,    0) (   0,    1) (   9,    3) (   0,    4) (   0,    1)
          (   0,    0) (   0,    1) (   9,    3) (   0,    4) (   0,    1) (   0,    0) (   0,    1) (   9,    3) (   0,    4) (   0,    1)
          (   0,    0) (   0,    1) (   9,    3) (   0,    4) (   0,    1) (   0,    0) (   0,    1) (   9,    3) (   0,    4) (   0,    1)
          (   0,    0) (   0,    1) (   9,    3) (   0,    4) (   0,    1) (   0,    0) (   0,    1) (   9,    3) (   0,    4) (   0,    1)
          (   0,    0) (   0,    1) (   9,    3) (   0,    4) (   0,    1) (   0,    0) (   0,    1) (   9,    3) (   0,    4) (   0,    1)
          (   0,    0) (   0,    1) (   9,    3) (   0,    4) (   0,    1) (   0,    0) (   0,    1) (   9,    3) (   0,    4) (   0,    1)
          (   0,    0) (   0,    1) (   9,    3) (   0,    4) (   0,    1) (   0,    0) (   0,    1) (   9,    3) (   0,    4) (   0,    1)
          (   0,    0) (   0,    1) (   9,    3) (   0,    4) (   0,    1) (   0,    0) (   0,    1) (   9,    3) (   0,    4) (   0,    1)
          (   0,    0) (   0,    1) (   9,    3) (   0,    4) (   0,    1) (   0,    0) (   0,    1) (   9,    3) (   0,    4) (   0,    1)
          (   0,    0) (   0,    1) (   9,    3) (   0,    4) (   0,    1) (   0,    0) (   0,    1) (   9,    3) (   0,    4) (   0,    1)
          (   0,    0) (   0,    1) (   9,    3) (   0,    4) (   0,    1) (   0,    0) (   0,    1) (   9,    3) (   0,    4) (   0,    1)
          (   0,    0) (   0,    1) (   9,    3) (   0,    4) (   0,    1) (   0,    0) (   0,    1) (   9,    3) (   0,    4) (   0,    1)
          (   0,    0) (   0,    1) (   9,    3) (   0,    4) (   0,    1) (   0,    0) (   0,    1) (   9,    3) (   0,    4) (   0,    1)
          (   0,    0) (   0,    1) (   9,    3) (   0,    4) (   0,    1) (   0,    0) (   0,    1) (   9,    3) (   0,    4) (   0,    1)
          (   0,    0) (   0,    1) (   9,    3) (   0,    4) (   0,    1) (   0,    0) (   0,    1) (   9,    3) (   0,    4) (   0,    1)
          (   0,    0) (   0,    1) (   9,    3) (   0,    4) (   0,    1) (   0,    0) (   0,    1) (   9,    3) (   0,    4) (   0,    1)
         
node   8 sent_total   1224  recv_total   1220

node   9  (   0,    0) (   0,    0) (   1,    0) (   0,    0) (   0,    1) (   0,    0) (   0,    0) (   0,    0) (   9,    0) (   0,    2)
          (   0,    0) (   0,    1) (   0,    3) (  10,    4) (   0,    2) (   0,    0) (   0,    1) (   0,    3) (  10,    4) (   0,    2)
          (   0,    0) (   0,    1) (   0,    3) (  10,    4) (   0,    2) (   0,    0) (   0,    1) (   0,    3) (  10,    4) (   0,    2)
          (   0,    0) (   0,    1) (   0,    3) (  10,    4) (   0,    2) (   0,    0) (   0,    1) (   0,    3) (  10,    4) (   0,    2)
          (   0,    0) (   0,    1) (   0,    3) (  10,    4) (   0,    2) (   0,    0) (   0,    1) (   0,    3) (  10,    4) (   0,    2)
          (   0,    0) (   0,    1) (   0,    3) (   8,    4) (   0,    2) (   0,    0) (   0,    0) (   0,    2) (   8,    4) (   0,    2)
          (   0,    0) (   0,    1) (   0,    2) (   8,    4) (   0,    2) (   0,    0) (   0,    1) (   0,    2) (   8,    4) (   0,    1)
          (   0,    0) (   0,    0) (   0,    3) (  10,    3) (   0,    2) (   0,    0) (   0,    0) (   0,    3) (   8,    4) (   0,    2)
          (   0,    0) (   0,    1) (   0,    3) (   8,    4) (   0,    1) (   0,    0) (   0,    1) (   0,    3) (  10,    4) (   0,    2)
          (   0,    0) (   0,    1) (   0,    3) (   9,    4) (   0,    2) (   0,    0) (   0,    1) (   0,    3) (   9,    4) (   0,    2)
          (   0,    0) (   0,    1) (   0,    3) (   8,    3) (   0,    1) (   0,    0) (   0,    0) (   0,    3) (   9,    3) (   0,    1)
          (   0,    0) (   0,    0) (   0,    3) (   9,    4) (   0,    1) (   0,    0) (   0,    1) (   0,    2) (   8,    4) (   0,    1)
          (   0,    0) (   0,    1) (   0,    2) (   9,    4) (   0,    1) (   0,    0) (   0,    1) (   0,    3) (   7,    2) (   0,    0)
          (   0,    0) (   0,    0) (   0,    3) (   9,    4) (   0,    1) (   0,    0) (   0,    1) (   0,    3) (   7,    4) (   0,    1)
          (   0,    0) (   0,    1) (   0,    2) (   9,    4) (   0,    1) (   0,    0) (   0,    1) (   0,    3) (   8,    4) (   0,    1)
          (   0,    0) (   0,    1) (   0,    3) (   8,    3) (   0,    1) (   0,    0) (   0,    1) (   0,    2) (   8,    3) (   0,    1)
          (   0,    0) (   0,    1) (   0,    3) (   7,    4) (   0,    0) (   0,    0) (   0,    1) (   0,    2) (   7,    4) (   0,    1)
          (   0,    0) (   0,    1) (   0,    3) (   7,    4) (   0,    0) (   0,    0) (   0,    1) (   0,    2) (   7,    3) (   0,    1)
          (   0,    0) (   0,    1) (   0,    2) (   8,    2) (   0,    1) (   0,    0) (   0,    1) (   0,    3) (   9,    4) (   0,    1)
          (   0,    0) (   0,    0) (   0,    3) (   9,    4) (   0,    1) (   0,    0) (   0,    1) (   0,    3) (   8,    4) (   0,    1)
          (   0,    0) (   0,    1) (   0,    3) (   9,    4) (   0,    1) (   0,    0) (   0,    0) (   0,    3) (   9,    4) (   0,    1)
          (   0,    0) (   0,    1) (   0,    3) (   7,    4) (   0,    1) (   0,    0) (   0,    1) (   0,    2) (   8,    4) (   0,    1)
          (   0,    0) (   0,    1) (   0,    3) (   9,    3) (   0,    1) (   0,    0) (   0,    1) (   0,    3) (   7,    3) (   0,    1)
          (   0,    0) (   0,    1) (   0,    3) (   8,    4) (   0,    1) (   0,    0) (   0,    1) (   0,    3) (   8,    4) (   0,    1)
          (   0,    0) (   0,    1) (   0,    1) (   7,    4) (   0,    0) (   0,    0) (   0,    1) (   0,    3) (   8,    4) (   0,    0)
          (   0,    0) (   0,    1) (   0,    3) (   9,    2) (   0,    1) (   0,    0) (   0,    1) (   0,    2) (   8,    3) (   0,    1)
          (   0,    0) (   0,    1) (   0,    2) (   7,    4) (   0,    1) (   0,    0) (   0,    1) (   0,    3) (   9,    4) (   0,    1)
          (   0,    0) (   0,    1) (   0,    3) (   8,    4) (   0,    1) (   0,    0) (   0,    1) (   0,    3) (   7,    3) (   0,    1)
          (   0,    0) (   0,    1) (   0,    3) (   8,    3) (   0,    1) (   0,    0) (   0,    1) (   0,    3) (   9,    4) (   0,    1)
          (   0,    0) (   0,    1) (   0,    3) (   8,    4) (   0,    1) (   0,    0) (   0,    1) (   0,    2) (   9,    3) (   0,    1)
          (   0,    0) (   0,    1) (   0,    3) (   9,    4) (   0,    1) (   0,    0) (   0,    1) (   0,    3) (   9,    4) (   0,    1)
          (   0,    0) (   0,    1) (   0,    3) (   9,    4) (   0,    1) (   0,    0) (   0,    1) (   0,    3) (   9,    4) (   0,    1)
          (   0,    0) (   0,    1) (   0,    3) (   9,    4) (   0,    1) (   0,    0) (   0,    1) (   0,    3) (   9,    4) (   0,    1)
          (   0,    0) (   0,    1) (   0,    3) (   9,    4) (   0,    1) (   0,    0) (   0,    1) (   0,    3) (   9,    4) (   0,    1)
          (   0,    0) (   0,    1) (   0,    3) (   9,    4) (   0,    1) (   0,    0) (   0,    1) (   0,    3) (   9,    4) (   0,    1)
          (   0,    0) (   0,    1) (   0,    3) (   9,    4) (   0,    1) (   0,    0) (   0,    1) (   0,    3) (   9,    4) (   0,    1)
          (   0,    0) (   0,    1) (   0,    3) (   9,    4) (   0,    1) (   0,    0) (   0,    1) (   0,    3) (   9,    4) (   0,    1)
          (   0,    0) (   0,    1) (   0,    3) (   9,    4) (   0,    1) (   0,    0) (   0,    1) (   0,    3) (   9,    4) (   0,    1)
          (   0,    0) (   0,    1) (   0,    3) (   9,    4) (   0,    1) (   0,    0) (   0,    1) (   0,    3) (   9,    4) (   0,    1)
          (   0,    0) (   0,    1) (   0,    3) (   9,    4) (   0,    1) (   0,    0) (   0,    1) (   0,    3) (   9,    4) (   0,    1)
          (   0,    0) (   0,    1) (   0,    3) (   9,    4) (   0,    1) (   0,    0) (   0,    1) (   0,    3) (   9,    4) (   0,    1)
          (   0,    0) (   0,    1) (   0,    3) (   9,    4) (   0,    1) (   0,    0) (   0,    1) (   0,    3) (   9,    4) (   0,    1)
          (   0,    0) (   0,    1) (   0,    3) (   9,    4) (   0,    1) (   0,    0) (   0,    1) (   0,    3) (   9,    4) (   0,    1)
          (   0,    0) (   0,    1) (   0,    3) (   9,    4) (   0,    1) (   0,    0) (   0,    1) (   0,    3) (   9,    4) (   0,    1)
          (   0,    0) (   0,    1) (   0,    3) (   9,    4) (   0,    1) (   0,    0) (   0,    1) (   0,    3) (   9,    4) (   0,    1)
          (   0,    0) (   0,    1) (   0,    3) (   9,    4) (   0,    1) (   0,    0) (   0,    1) (   0,    3) (   9,    4) (   0,    1)
          (   0,    0) (   0,    1) (   0,    3) (   9,    4) (   0,    1) (   0,    0) (   0,    1) (   0,    3) (   9,    4) (   0,    1)
          (   0,    0) (   0,    1) (   0,    3) (   9,    4) (   0,    1) (   0,    0) (   0,    1) (   0,    3) (   9,    4) (   0,    1)
          (   0,    0) (   0,    1) (   0,    3) (   9,    4) (   0,    1) (   0,    0) (   0,    1) (   0,    3) (   9,    4) (   0,    1)
          (   0,    0) (   0,    1) (   0,    3) (   9,    4) (   0,    1) (   0,    0) (   0,    1) (   0,    3) (   9,    4) (   0,    1)
          (   0,    0) (   0,    1) (   0,    3) (   9,    4) (   0,    1) (   0,    0) (   0,    1) (   0,    3) (   9,    4) (   0,    1)
          (   0,    0) (   0,    1) (   0,    3) (   9,    4) (   0,    1) (   0,    0) (   0,    1) (   0,    3) (   9,    4) (   0,    1)
          (   0,    0) (   0,    1) (   0,    3) (   9,    4) (   0,    1) (   0,    0) (   0,    1) (   0,    3) (   9,    4) (   0,    1)
          (   0,    0) (   0,    1) (   0,    3) (   9,    4) (   0,    1) (   0,    0) (   0,    1) (   0,    3) (   9,    4) (   0,    1)
          (   0,    0) (   0,    1) (   0,    3) (   9,    4) (   0,    1) (   0,    0) (   0,    1) (   0,    3) (   9,    4) (   0,    1)
          (   0,    0) (   0,    1) (   0,    3) (   9,    4) (   0,    1) (   0,    0) (   0,    1) (   0,    3) (   9,    4) (   0,    1)
          (   0,    0) (   0,    1) (   0,    3) (   9,    4) (   0,    1) (   0,    0) (   0,    1) (   0,    3) (   9,    4) (   0,    1)
          (   0,    0) (   0,    1) (   0,    3) (   9,    4) (   0,    1) (   0,    0) (   0,    1) (   0,    3) (   9,    4) (   0,    1)
          (   0,    0) (   0,    1) (   0,    3) (   9,    4) (   0,    1) (   0,    0) (   0,    1) (   0,    3) (   9,    4) (   0,    1)
          (   0,    0) (   0,    1) (   0,    3) (   9,    4) (   0,    1) (   0,    0) (   0,    1) (   0,    3) (   9,    4) (   0,    1)
          (   0,    0) (   0,    1) (   0,    3) (   9,    4) (   0,    1) (   0,    0) (   0,    1) (   0,    3) (   9,    4) (   0,    1)
          (   0,    0) (   0,    1) (   0,    3) (   9,    4) (   0,    1) (   0,    0) (   0,    1) (   0,    3) (   9,    4) (   0,    1)
          (   0,    0) (   0,    1) (   0,    3) (   9,    4) (   0,    1) (   0,    0) (   0,    1) (   0,    3) (   9,    4) (   0,    1)
          (   0,    0) (   0,    1) (   0,    3) (   9,    4) (   0,    1) (   0,    0) (   0,    1) (   0,    3) (   9,    4) (   0,    1)
          (   0,    0) (   0,    1) (   0,    3) (   9,    4) (   0,    1) (   0,    0) (   0,    1) (   0,    3) (   9,    4) (   0,    1)
          (   0,    0) (   0,    1) (   0,    3) (   9,    4) (   0,    1) (   0,    0) (   0,    1) (   0,    3) (   9,    4) (   0,    1)
          (   0,    0) (   0,    1) (   0,    3) (   9,    4) (   0,    1) (   0,    0) (   0,    1) (   0,    3) (   9,    4) (   0,    1)
          (   0,    0) (   0,    1) (   0,    3) (   9,    4) (   0,    1) (   0,    0) (   0,    1) (   0,    3) (   9,    4) (   0,    1)
          (   0,    0) (   0,    1) (   0,    3) (   9,    4) (   0,    1) (   0,    0) (   0,    1) (   0,    3) (   9,    4) (   0,    1)
          (   0,    0) (   0,    1) (   0,    3) (   9,    4) (   0,    1) (   0,    0) (   0,    1) (   0,    3) (   9,    4) (   0,    1)
         
node   9 sent_total   1219  recv_total   1214

node  10  (   0,    0) (   0,    0) (   1,    0) (   0,    0) (   0,    1) (   0,    0) (   0,    0) (   0,    0) (  10,    0) (   0,    1)
          (   0,    0) (   0,    1) (   0,    3) (  10,    4) (   0,    2) (   0,    0) (   0,    1) (   0,    3) (  10,    4) (   0,    2)
          (   0,    0) (   0,    1) (   0,    3) (  10,    4) (   0,    2) (   0,    0) (   0,    1) (   0,    3) (  10,    4) (   0,    2)
          (   0,    0) (   0,    1) (   0,    3) (  10,    4) (   0,    2) (   0,    0) (   0,    1) (   0,    3) (  10,    4) (   0,    2)
          (   0,    0) (   0,    1) (   0,    3) (  10,    4) (   0,    2) (   0,    0) (   0,    1) (   0,    3) (  10,    4) (   0,    2)
          (   0,    0) (   0,    1) (   0,    3) (   8,    4) (   0,    2) (   0,    0) (   0,    1) (   0,    2) (   9,    3) (   0,    2)
          (   0,    0) (   0,    1) (   0,    3) (  10,    4) (   0,    2) (   0,    0) (   0,    0) (   0,    2) (  10,    4) (   0,    2)
          (   0,    0) (   0,    0) (   0,    3) (   9,    4) (   0,    2) (   0,    0) (   0,    1) (   0,    3) (   8,    4) (   0,    1)
          (   0,    0) (   0,    1) (   0,    3) (  10,    4) (   0,    2) (   0,    0) (   0,    1) (   0,    2) (   9,    4) (   0,    1)
          (   0,    0) (   0,    1) (   0,    2) (   9,    4) (   0,    2) (   0,    0) (   0,    1) (   0,    3) (  10,    4) (   0,    2)
          (   0,    0) (   0,    0) (   0,    0) (   0,    0) (   0,    0) (   0,    0) (   0,    0) (   0,    0) (   0,    0) (   0,    0)
          (   0,    0) (   0,    0) (   0,    0) (   0,    0) (   0,    0) (   0,    0) (   0,    0) (   0,    0) (   0,    0) (   0,    0)
          (   0,    0) (   0,    0) (   0,    0) (   0,    0) (   0,    0) (   0,    0) (   0,    0) (   0,    0) (   0,    0) (   0,    0)
          (   0,    0) (   0,    0) (   0,    0) (   0,    0) (   0,    0) (   0,    0) (   0,    0) (   0,    0) (   0,    0) (   0,    0)
          (   0,    0) (   0,    0) (   0,    0) (   0,    0) (   0,    0) (   0,    0) (   0,    0) (   0,    0) (   0,    0) (   0,    0)
          (   0,    0) (   0,    0) (   0,    0) (   0,    0) (   0,    0) (   0,    0) (   0,    0) (   0,    0) (   0,    0) (   0,    0)
          (   0,    0) (   0,    0) (   0,    0) (   0,    0) (   0,    0) (   0,    0) (   0,    0) (   0,    0) (   0,    0) (   0,    0)
          (   0,    0) (   0,    0) (   0,    0) (   0,    0) (   0,    0) (   0,    0) (   0,    0) (   0,    0) (   0,    0) (   0,    0)
          (   0,    0) (   0,    0) (   0,    0) (   0,    0) (   0,    0) (   0,    0) (   0,    0) (   0,    0) (   0,    0) (   0,    0)
          (   0,    0) (   0,    0) (   0,    0) (   0,    0) (   0,    0) (   0,    0) (   0,    0) (   0,    0) (   0,    0) (   0,    0)
          (   0,    0) (   0,    0) (   0,    0) (   0,    0) (   0,    0) (   0,    0) (   0,    0) (   0,    0) (   0,    0) (   0,    0)
          (   0,    0) (   0,    0) (   0,    0) (   0,    0) (   0,    0) (   0,    0) (   0,    0) (   0,    0) (   0,    0) (   0,    0)
          (   0,    0) (   0,    0) (   0,    0) (   0,    0) (   0,    0) (   0,    0) (   0,    0) (   0,    0) (   0,    0) (   0,    0)
          (   0,    0) (   0,    0) (   0,    0) (   0,    0) (   0,    0) (   0,    0) (   0,    0) (   0,    0) (   0,    0) (   0,    0)
          (   0,    0) (   0,    0) (   0,    0) (   0,    0) (   0,    0) (   0,    0) (   0,    0) (   0,    0) (   0,    0) (   0,    0)
          (   0,    0) (   0,    0) (   0,    0) (   0,    0) (   0,    0) (   0,    0) (   0,    0) (   0,    0) (   0,    0) (   0,    0)
          (   0,    0) (   0,    0) (   0,    0) (   0,    0) (   0,    0) (   0,    0) (   0,    0) (   0,    0) (   0,    0) (   0,    0)
          (   0,    0) (   0,    0) (   0,    0) (   0,    0) (   0,    0) (   0,    0) (   0,    0) (   0,    0) (   0,    0) (   0,    0)
          (   0,    0) (   0,    0) (   0,    0) (   0,    0) (   0,    0) (   0,    0) (   0,    0) (   0,    0) (   0,    0) (   0,    0)
          (   0,    0) (   0,    0) (   0,    0) (   0,    0) (   0,    0) (   0,    0) (   0,    0) (   0,    0) (   0,    0) (   0,    0)
          (   0,    0) (   0,    0) (   0,    0) (   0,    0) (   0,    0) (   0,    0) (   0,    0) (   0,    0) (   0,    0) (   0,    0)
          (   0,    0) (   0,    0) (   0,    0) (   0,    0) (   0,    0) (   0,    0) (   0,    0) (   0,    0) (   0,    0) (   0,    0)
          (   0,    0) (   0,    0) (   0,    0) (   0,    0) (   0,    0) (   0,    0) (   0,    0) (   0,    0) (   0,    0) (   0,    0)
          (   0,    0) (   0,    0) (   0,    0) (   0,    0) (   0,    0) (   0,    0) (   0,    0) (   0,    0) (   0,    0) (   0,    0)
          (   0,    0) (   0,    0) (   0,    0) (   0,    0) (   0,    0) (   0,    0) (   0,    0) (   0,    0) (   0,    0) (   0,    0)
          (   0,    0) (   0,    0) (   0,    0) (   0,    0) (   0,    0) (   0,    0) (   0,    0) (   0,    0) (   0,    0) (   0,    0)
          (   0,    0) (   0,    0) (   0,    0) (   0,    0) (   0,    0) (   0,    0) (   0,    0) (   0,    0) (   0,    0) (   0,    0)
          (   0,    0) (   0,    0) (   0,    0) (   0,    0) (   0,    0) (   0,    0) (   0,    0) (   0,    0) (   0,    0) (   0,    0)
          (   0,    0) (   0,    0) (   0,    0) (   0,    0) (   0,    0) (   0,    0) (   0,    0) (   0,    0) (   0,    0) (   0,    0)
          (   0,    0) (   0,    0) (   0,    0) (   0,    0) (   0,    0) (   0,    0) (   0,    0) (   0,    0) (   0,    0) (   0,    0)
          (   0,    0) (   0,    0) (   0,    0) (   0,    0) (   0,    0) (   0,    0) (   0,    0) (   0,    0) (   0,    0) (   0,    0)
          (   0,    0) (   0,    0) (   0,    0) (   0,    0) (   0,    0) (   0,    0) (   0,    0) (   0,    0) (   0,    0) (   0,    0)
          (   0,    0) (   0,    0) (   0,    0) (   0,    0) (   0,    0) (   0,    0) (   0,    0) (   0,    0) (   0,    0) (   0,    0)
          (   0,    0) (   0,    0) (   0,    0) (   0,    0) (   0,    0) (   0,    0) (   0,    0) (   0,    0) (   0,    0) (   0,    0)
          (   0,    0) (   0,    0) (   0,    0) (   0,    0) (   0,    0) (   0,    0) (   0,    0) (   0,    0) (   0,    0) (   0,    0)
          (   0,    0) (   0,    0) (   0,    0) (   0,    0) (   0,    0) (   0,    0) (   0,    0) (   0,    0) (   0,    0) (   0,    0)
          (   0,    0) (   0,    0) (   0,    0) (   0,    0) (   0,    0) (   0,    0) (   0,    0) (   0,    0) (   0,    0) (   0,    0)
          (   0,    0) (   0,    0) (   0,    0) (   0,    0) (   0,    0) (   0,    0) (   0,    0) (   0,    0) (   0,    0) (   0,    0)
          (   0,    0) (   0,    0) (   0,    0) (   0,    0) (   0,    0) (   0,    0) (   0,    0) (   0,    0) (   0,    0) (   0,    0)
          (   0,    0) (   0,    0) (   0,    0) (   0,    0) (   0,    0) (   0,    0) (   0,    0) (   0,    0) (   0,    0) (   0,    0)
          (   0,    0) (   0,    0) (   0,    0) (   0,    0) (   0,    0) (   0,    0) (   0,    0) (   0,    0) (   0,    0) (   0,    0)
          (   0,    0) (   0,    0) (   0,    0) (   0,    0) (   0,    0) (   0,    0) (   0,    0) (   0,    0) (   0,    0) (   0,    0)
          (   0,    0) (   0,    0) (   0,    0) (   0,    0) (   0,    0) (   0,    0) (   0,    0) (   0,    0) (   0,    0) (   0,    0)
          (   0,    0) (   0,    0) (   0,    0) (   0,    0) (   0,    0) (   0,    0) (   0,    0) (   0,    0) (   0,    0) (   0,    0)
          (   0,    0) (   0,    0) (   0,    0) (   0,    0) (   0,    0) (   0,    0) (   0,    0) (   0,    0) (   0,    0) (   0,    0)
          (   0,    0) (   0,    0) (   0,    0) (   0,    0) (   0,    0) (   0,    0) (   0,    0) (   0,    0) (   0,    0) (   0,    0)
          (   0,    0) (   0,    0) (   0,    0) (   0,    0) (   0,    0) (   0,    0) (   0,    0) (   0,    0) (   0,    0) (   0,    0)
          (   0,    0) (   0,    0) (   0,    0) (   0,    0) (   0,    0) (   0,    0) (   0,    0) (   0,    0) (   0,    0) (   0,    0)
          (   0,    0) (   0,    0) (   0,    0) (   0,    0) (   0,    0) (   0,    0) (   0,    0) (   0,    0) (   0,    0) (   0,    0)
          (   0,    0) (   0,    0) (   0,    0) (   0,    0) (   0,    0) (   0,    0) (   0,    0) (   0,    0) (   0,    0) (   0,    0)
          (   0,    0) (   0,    0) (   0,    0) (   0,    0) (   0,    0) (   0,    0) (   0,    0) (   0,    0) (   0,    0) (   0,    0)
          (   0,    0) (   0,    0) (   0,    0) (   0,    0) (   0,    0) (   0,    0) (   0,    0) (   0,    0) (   0,    0) (   0,    0)
          (   0,    0) (   0,    0) (   0,    0) (   0,    0) (   0,    0) (   0,    0) (   0,    0) (   0,    0) (   0,    0) (   0,    0)
          (   0,    0) (   0,    0) (   0,    0) (   0,    0) (   0,    0) (   0,    0) (   0,    0) (   0,    0) (   0,    0) (   0,    0)
          (   0,    0) (   0,    0) (   0,    0) (   0,    0) (   0,    0) (   0,    0) (   0,    0) (   0,    0) (   0,    0) (   0,    0)
          (   0,    0) (   0,    0) (   0,    0) (   0,    0) (   0,    0) (   0,    0) (   0,    0) (   0,    0) (   0,    0) (   0,    0)
          (   0,    0) (   0,    0) (   0,    0) (   0,    0) (   0,    0) (   0,    0) (   0,    0) (   0,    0) (   0,    0) (   0,    0)
          (   0,    0) (   0,    0) (   0,    0) (   0,    0) (   0,    0) (   0,    0) (   0,    0) (   0,    0) (   0,    0) (   0,    0)
          (   0,    0) (   0,    0) (   0,    0) (   0,    0) (   0,    0) (   0,    0) (   0,    0) (   0,    0) (   0,    0) (   0,    0)
          (   0,    0) (   0,    0) (   0,    0) (   0,    0) (   0,    0) (   0,    0) (   0,    0) (   0,    0) (   0,    0) (   0,    0)
         
node  10 sent_total    183  recv_total    173

